#
# There is insufficient memory for the Java Runtime Environment to continue.
# Native memory allocation (mmap) failed to map 6828032 bytes for committing reserved memory.
# Possible reasons:
#   The system is out of physical RAM or swap space
#   In 32 bit mode, the process size limit was hit
# Possible solutions:
#   Reduce memory load on the system
#   Increase physical memory or swap space
#   Check if swap backing store is full
#   Use 64 bit Java on a 64 bit OS
#   Decrease Java heap size (-Xmx/-Xms)
#   Decrease number of Java threads
#   Decrease Java thread stack sizes (-Xss)
#   Set larger code cache with -XX:ReservedCodeCacheSize=
# This output file may be truncated or incomplete.
#
#  Out of Memory Error (os_linux.cpp:2638), pid=21894, tid=140214409119488
#
# JRE version: OpenJDK Runtime Environment (8.0_91-b14) (build 1.8.0_91-b14)
# Java VM: OpenJDK 64-Bit Server VM (25.91-b14 mixed mode linux-amd64 compressed oops)
# Failed to write core dump. Core dumps have been disabled. To enable core dumping, try "ulimit -c unlimited" before starting Java again
#

---------------  T H R E A D  ---------------

Current thread (0x00007f863007b000):  VMThread [stack: 0x00007f8635fc4000,0x00007f86360c5000] [id=21905]

Stack: [0x00007f8635fc4000,0x00007f86360c5000],  sp=0x00007f86360c3510,  free space=1021k
Native frames: (J=compiled Java code, j=interpreted, Vv=VM code, C=native code)
V  [libjvm.so+0xa0a54d]
V  [libjvm.so+0x4c591a]
V  [libjvm.so+0x86d500]
V  [libjvm.so+0x867bfe]
V  [libjvm.so+0xa07344]
V  [libjvm.so+0x5b057d]
V  [libjvm.so+0x5b08fd]
V  [libjvm.so+0x5a0f70]
V  [libjvm.so+0x457c32]
V  [libjvm.so+0xa0b4f1]
V  [libjvm.so+0xa10707]
V  [libjvm.so+0xa0f0f8]
V  [libjvm.so+0xa0f5c9]
V  [libjvm.so+0xa0fa21]
V  [libjvm.so+0x86a932]

VM_Operation (0x00007f8639f2fa90): GenCollectForAllocation, mode: safepoint, requested by thread 0x00007f8630009000


---------------  P R O C E S S  ---------------

Java Threads: ( => current thread )
  0x00007f86300c5800 JavaThread "Service Thread" daemon [_thread_blocked, id=21911, stack(0x00007f86359be000,0x00007f8635abf000)]
  0x00007f86300c2800 JavaThread "C1 CompilerThread1" daemon [_thread_blocked, id=21910, stack(0x00007f8635abf000,0x00007f8635bc0000)]
  0x00007f86300b6000 JavaThread "C2 CompilerThread0" daemon [_thread_blocked, id=21909, stack(0x00007f8635bc0000,0x00007f8635cc1000)]
  0x00007f86300b3800 JavaThread "Signal Dispatcher" daemon [_thread_blocked, id=21908, stack(0x00007f8635cc1000,0x00007f8635dc2000)]
  0x00007f8630089800 JavaThread "Finalizer" daemon [_thread_blocked, id=21907, stack(0x00007f8635dc2000,0x00007f8635ec3000)]
  0x00007f8630085000 JavaThread "Reference Handler" daemon [_thread_blocked, id=21906, stack(0x00007f8635ec3000,0x00007f8635fc4000)]
  0x00007f8630009000 JavaThread "main" [_thread_blocked, id=21904, stack(0x00007f8639e33000,0x00007f8639f34000)]

Other Threads:
=>0x00007f863007b000 VMThread [stack: 0x00007f8635fc4000,0x00007f86360c5000] [id=21905]
  0x00007f86300c8000 WatcherThread [stack: 0x00007f86358bd000,0x00007f86359be000] [id=21912]

VM state:at safepoint (normal execution)

VM Mutex/Monitor currently owned by a thread:  ([mutex/lock_event])
[0x00007f86300066a0] Threads_lock - owner thread: 0x00007f863007b000
[0x00007f8630006ba0] Heap_lock - owner thread: 0x00007f8630009000

Heap:
 def new generation   total 5824K, used 0K [0x00000000f0800000, 0x00000000f0e50000, 0x00000000f5aa0000)
  eden space 5184K,   0% used [0x00000000f0800000, 0x00000000f0800000, 0x00000000f0d10000)
  from space 640K,   0% used [0x00000000f0db0000, 0x00000000f0db0000, 0x00000000f0e50000)
  to   space 640K,   0% used [0x00000000f0d10000, 0x00000000f0d10000, 0x00000000f0db0000)
 tenured generation   total 13020K, used 11810K [0x00000000f5aa0000, 0x00000000f6757000, 0x0000000100000000)
   the space 13020K,  90% used [0x00000000f5aa0000, 0x00000000f6628a70, 0x00000000f6628c00, 0x00000000f6757000)
 Metaspace       used 17223K, capacity 17574K, committed 17920K, reserved 1064960K
  class space    used 1906K, capacity 1997K, committed 2048K, reserved 1048576K

Card table byte_map: [0x00007f8639dae000,0x00007f8639e2b000] byte_map_base: 0x00007f863962a000

Polling page: 0x00007f8639f3f000

CodeCache: size=245760Kb used=9669Kb max_used=9701Kb free=236090Kb
 bounds [0x00007f8621000000, 0x00007f86219b0000, 0x00007f8630000000]
 total_blobs=3121 nmethods=2780 adapters=255
 compilation: enabled

Compilation events (10 events):
Event: 11.971 Thread 0x00007f86300c2800 3099       3       org.apache.maven.model.IssueManagement::setSystem (6 bytes)
Event: 11.973 Thread 0x00007f86300c2800 nmethod 3099 0x00007f86215e3750 code [0x00007f86215e38a0, 0x00007f86215e3a10]
Event: 12.009 Thread 0x00007f86300b6000 3102   !   4       com.google.inject.internal.InjectorImpl$2$1::call (68 bytes)
Event: 12.009 Thread 0x00007f86300c2800 3101   !   3       org.apache.maven.model.CiManagement::clone (137 bytes)
Event: 12.010 Thread 0x00007f86300c2800 nmethod 3101 0x00007f862149f610 code [0x00007f862149f900, 0x00007f86214a0f90]
Event: 12.010 Thread 0x00007f86300c2800 3103       3       java.util.ArrayList$SubList::size (9 bytes)
Event: 12.011 Thread 0x00007f86300c2800 nmethod 3103 0x00007f86214aea10 code [0x00007f86214aeba0, 0x00007f86214aee60]
Event: 12.021 Thread 0x00007f86300b6000 nmethod 3102 0x00007f86214f08d0 code [0x00007f86214f0a60, 0x00007f86214f10e8]
Event: 12.024 Thread 0x00007f86300c2800 3104       3       java.util.HashSet::remove (20 bytes)
Event: 12.025 Thread 0x00007f86300c2800 nmethod 3104 0x00007f862151f590 code [0x00007f862151f740, 0x00007f862151fc90]

GC Heap History (10 events):
Event: 6.718 GC heap after
Heap after GC invocations=41 (full 1):
 def new generation   total 5824K, used 238K [0x00000000f0800000, 0x00000000f0e50000, 0x00000000f5aa0000)
  eden space 5184K,   0% used [0x00000000f0800000, 0x00000000f0800000, 0x00000000f0d10000)
  from space 640K,  37% used [0x00000000f0d10000, 0x00000000f0d4b968, 0x00000000f0db0000)
  to   space 640K,   0% used [0x00000000f0db0000, 0x00000000f0db0000, 0x00000000f0e50000)
 tenured generation   total 12828K, used 11576K [0x00000000f5aa0000, 0x00000000f6727000, 0x0000000100000000)
   the space 12828K,  90% used [0x00000000f5aa0000, 0x00000000f65ee348, 0x00000000f65ee400, 0x00000000f6727000)
 Metaspace       used 16687K, capacity 17014K, committed 17408K, reserved 1064960K
  class space    used 1873K, capacity 1957K, committed 2048K, reserved 1048576K
}
Event: 6.829 GC heap before
{Heap before GC invocations=41 (full 1):
 def new generation   total 5824K, used 5422K [0x00000000f0800000, 0x00000000f0e50000, 0x00000000f5aa0000)
  eden space 5184K, 100% used [0x00000000f0800000, 0x00000000f0d10000, 0x00000000f0d10000)
  from space 640K,  37% used [0x00000000f0d10000, 0x00000000f0d4b968, 0x00000000f0db0000)
  to   space 640K,   0% used [0x00000000f0db0000, 0x00000000f0db0000, 0x00000000f0e50000)
 tenured generation   total 12828K, used 11576K [0x00000000f5aa0000, 0x00000000f6727000, 0x0000000100000000)
   the space 12828K,  90% used [0x00000000f5aa0000, 0x00000000f65ee348, 0x00000000f65ee400, 0x00000000f6727000)
 Metaspace       used 16703K, capacity 17014K, committed 17408K, reserved 1064960K
  class space    used 1873K, capacity 1957K, committed 2048K, reserved 1048576K
Event: 6.831 GC heap after
Heap after GC invocations=42 (full 1):
 def new generation   total 5824K, used 640K [0x00000000f0800000, 0x00000000f0e50000, 0x00000000f5aa0000)
  eden space 5184K,   0% used [0x00000000f0800000, 0x00000000f0800000, 0x00000000f0d10000)
  from space 640K, 100% used [0x00000000f0db0000, 0x00000000f0e50000, 0x00000000f0e50000)
  to   space 640K,   0% used [0x00000000f0d10000, 0x00000000f0d10000, 0x00000000f0db0000)
 tenured generation   total 12828K, used 11677K [0x00000000f5aa0000, 0x00000000f6727000, 0x0000000100000000)
   the space 12828K,  91% used [0x00000000f5aa0000, 0x00000000f6607590, 0x00000000f6607600, 0x00000000f6727000)
 Metaspace       used 16703K, capacity 17014K, committed 17408K, reserved 1064960K
  class space    used 1873K, capacity 1957K, committed 2048K, reserved 1048576K
}
Event: 7.515 GC heap before
{Heap before GC invocations=42 (full 1):
 def new generation   total 5824K, used 5824K [0x00000000f0800000, 0x00000000f0e50000, 0x00000000f5aa0000)
  eden space 5184K, 100% used [0x00000000f0800000, 0x00000000f0d10000, 0x00000000f0d10000)
  from space 640K, 100% used [0x00000000f0db0000, 0x00000000f0e50000, 0x00000000f0e50000)
  to   space 640K,   0% used [0x00000000f0d10000, 0x00000000f0d10000, 0x00000000f0db0000)
 tenured generation   total 12828K, used 11677K [0x00000000f5aa0000, 0x00000000f6727000, 0x0000000100000000)
   the space 12828K,  91% used [0x00000000f5aa0000, 0x00000000f6607590, 0x00000000f6607600, 0x00000000f6727000)
 Metaspace       used 16735K, capacity 17078K, committed 17408K, reserved 1064960K
  class space    used 1873K, capacity 1957K, committed 2048K, reserved 1048576K
Event: 7.518 GC heap after
Heap after GC invocations=43 (full 1):
 def new generation   total 5824K, used 331K [0x00000000f0800000, 0x00000000f0e50000, 0x00000000f5aa0000)
  eden space 5184K,   0% used [0x00000000f0800000, 0x00000000f0800000, 0x00000000f0d10000)
  from space 640K,  51% used [0x00000000f0d10000, 0x00000000f0d62c48, 0x00000000f0db0000)
  to   space 640K,   0% used [0x00000000f0db0000, 0x00000000f0db0000, 0x00000000f0e50000)
 tenured generation   total 12828K, used 12206K [0x00000000f5aa0000, 0x00000000f6727000, 0x0000000100000000)
   the space 12828K,  95% used [0x00000000f5aa0000, 0x00000000f668b960, 0x00000000f668ba00, 0x00000000f6727000)
 Metaspace       used 16735K, capacity 17078K, committed 17408K, reserved 1064960K
  class space    used 1873K, capacity 1957K, committed 2048K, reserved 1048576K
}
Event: 8.721 GC heap before
{Heap before GC invocations=43 (full 1):
 def new generation   total 5824K, used 5515K [0x00000000f0800000, 0x00000000f0e50000, 0x00000000f5aa0000)
  eden space 5184K, 100% used [0x00000000f0800000, 0x00000000f0d10000, 0x00000000f0d10000)
  from space 640K,  51% used [0x00000000f0d10000, 0x00000000f0d62c48, 0x00000000f0db0000)
  to   space 640K,   0% used [0x00000000f0db0000, 0x00000000f0db0000, 0x00000000f0e50000)
 tenured generation   total 12828K, used 12206K [0x00000000f5aa0000, 0x00000000f6727000, 0x0000000100000000)
   the space 12828K,  95% used [0x00000000f5aa0000, 0x00000000f668b960, 0x00000000f668ba00, 0x00000000f6727000)
 Metaspace       used 17075K, capacity 17446K, committed 17664K, reserved 1064960K
  class space    used 1903K, capacity 1997K, committed 2048K, reserved 1048576K
Event: 8.724 GC heap after
Heap after GC invocations=44 (full 1):
 def new generation   total 5824K, used 600K [0x00000000f0800000, 0x00000000f0e50000, 0x00000000f5aa0000)
  eden space 5184K,   0% used [0x00000000f0800000, 0x00000000f0800000, 0x00000000f0d10000)
  from space 640K,  93% used [0x00000000f0db0000, 0x00000000f0e463f0, 0x00000000f0e50000)
  to   space 640K,   0% used [0x00000000f0d10000, 0x00000000f0d10000, 0x00000000f0db0000)
 tenured generation   total 12828K, used 12502K [0x00000000f5aa0000, 0x00000000f6727000, 0x0000000100000000)
   the space 12828K,  97% used [0x00000000f5aa0000, 0x00000000f66d5978, 0x00000000f66d5a00, 0x00000000f6727000)
 Metaspace       used 17075K, capacity 17446K, committed 17664K, reserved 1064960K
  class space    used 1903K, capacity 1997K, committed 2048K, reserved 1048576K
}
Event: 10.243 GC heap before
{Heap before GC invocations=44 (full 1):
 def new generation   total 5824K, used 5784K [0x00000000f0800000, 0x00000000f0e50000, 0x00000000f5aa0000)
  eden space 5184K, 100% used [0x00000000f0800000, 0x00000000f0d10000, 0x00000000f0d10000)
  from space 640K,  93% used [0x00000000f0db0000, 0x00000000f0e463f0, 0x00000000f0e50000)
  to   space 640K,   0% used [0x00000000f0d10000, 0x00000000f0d10000, 0x00000000f0db0000)
 tenured generation   total 12828K, used 12502K [0x00000000f5aa0000, 0x00000000f6727000, 0x0000000100000000)
   the space 12828K,  97% used [0x00000000f5aa0000, 0x00000000f66d5978, 0x00000000f66d5a00, 0x00000000f6727000)
 Metaspace       used 17195K, capacity 17510K, committed 17664K, reserved 1064960K
  class space    used 1906K, capacity 1997K, committed 2048K, reserved 1048576K
Event: 10.246 GC heap after
Heap after GC invocations=45 (full 1):
 def new generation   total 5824K, used 405K [0x00000000f0800000, 0x00000000f0e50000, 0x00000000f5aa0000)
  eden space 5184K,   0% used [0x00000000f0800000, 0x00000000f0800000, 0x00000000f0d10000)
  from space 640K,  63% used [0x00000000f0d10000, 0x00000000f0d757d8, 0x00000000f0db0000)
  to   space 640K,   0% used [0x00000000f0db0000, 0x00000000f0db0000, 0x00000000f0e50000)
 tenured generation   total 12828K, used 12733K [0x00000000f5aa0000, 0x00000000f6727000, 0x0000000100000000)
   the space 12828K,  99% used [0x00000000f5aa0000, 0x00000000f670f7d8, 0x00000000f670f800, 0x00000000f6727000)
 Metaspace       used 17195K, capacity 17510K, committed 17664K, reserved 1064960K
  class space    used 1906K, capacity 1997K, committed 2048K, reserved 1048576K
}
Event: 12.027 GC heap before
{Heap before GC invocations=45 (full 1):
 def new generation   total 5824K, used 5587K [0x00000000f0800000, 0x00000000f0e50000, 0x00000000f5aa0000)
  eden space 5184K,  99% used [0x00000000f0800000, 0x00000000f0d0f598, 0x00000000f0d10000)
  from space 640K,  63% used [0x00000000f0d10000, 0x00000000f0d757d8, 0x00000000f0db0000)
  to   space 640K,   0% used [0x00000000f0db0000, 0x00000000f0db0000, 0x00000000f0e50000)
 tenured generation   total 12828K, used 12733K [0x00000000f5aa0000, 0x00000000f6727000, 0x0000000100000000)
   the space 12828K,  99% used [0x00000000f5aa0000, 0x00000000f670f7d8, 0x00000000f670f800, 0x00000000f6727000)
 Metaspace       used 17223K, capacity 17574K, committed 17920K, reserved 1064960K
  class space    used 1906K, capacity 1997K, committed 2048K, reserved 1048576K

Deoptimization events (10 events):
Event: 6.744 Thread 0x00007f8630009000 Uncommon trap: reason=speculate_class_check action=maybe_recompile pc=0x00007f86216a47b0 method=java.nio.charset.CharsetDecoder.decode(Ljava/nio/ByteBuffer;Ljava/nio/CharBuffer;Z)Ljava/nio/charset/CoderResult; @ 57
Event: 6.744 Thread 0x00007f8630009000 Uncommon trap: reason=speculate_class_check action=maybe_recompile pc=0x00007f86216a47b0 method=java.nio.charset.CharsetDecoder.decode(Ljava/nio/ByteBuffer;Ljava/nio/CharBuffer;Z)Ljava/nio/charset/CoderResult; @ 57
Event: 6.826 Thread 0x00007f8630009000 Uncommon trap: reason=speculate_class_check action=maybe_recompile pc=0x00007f86219024c8 method=java.nio.charset.CharsetDecoder.decode(Ljava/nio/ByteBuffer;Ljava/nio/CharBuffer;Z)Ljava/nio/charset/CoderResult; @ 57
Event: 6.827 Thread 0x00007f8630009000 Uncommon trap: reason=speculate_class_check action=maybe_recompile pc=0x00007f86219024c8 method=java.nio.charset.CharsetDecoder.decode(Ljava/nio/ByteBuffer;Ljava/nio/CharBuffer;Z)Ljava/nio/charset/CoderResult; @ 57
Event: 7.796 Thread 0x00007f8630009000 Uncommon trap: reason=class_check action=maybe_recompile pc=0x00007f862176f860 method=org.eclipse.sisu.wire.EntryListAdapter$ValueIterator.hasNext()Z @ 4
Event: 7.797 Thread 0x00007f8630009000 Uncommon trap: reason=unstable_if action=reinterpret pc=0x00007f862175599c method=org.eclipse.sisu.plexus.RealmFilteredBeans$FilteredItr.hasNext()Z @ 44
Event: 7.797 Thread 0x00007f8630009000 Uncommon trap: reason=unstable_if action=reinterpret pc=0x00007f86215e9014 method=org.eclipse.sisu.plexus.RealmFilteredBeans$FilteredItr.hasNext()Z @ 44
Event: 8.592 Thread 0x00007f8630009000 Uncommon trap: reason=bimorphic action=maybe_recompile pc=0x00007f8621542300 method=java.util.regex.Pattern$CharProperty.match(Ljava/util/regex/Matcher;ILjava/lang/CharSequence;)Z @ 37
Event: 8.611 Thread 0x00007f8630009000 Uncommon trap: reason=unstable_if action=reinterpret pc=0x00007f8621741eb0 method=com.google.inject.internal.InjectorImpl.callInContext(Lcom/google/inject/internal/ContextualCallable;)Ljava/lang/Object; @ 161
Event: 9.284 Thread 0x00007f8630009000 Uncommon trap: reason=unstable_if action=reinterpret pc=0x00007f862112b6e4 method=org.apache.maven.model.ConfigurationContainer.clone()Lorg/apache/maven/model/ConfigurationContainer; @ 37

Internal exceptions (10 events):
Event: 1.831 Thread 0x00007f8630009000 Exception <a 'java/lang/NoClassDefFoundError': javax/annotation/Priority> (0x00000000f0a070c0) thrown at [/builddir/build/BUILD/java-1.8.0-openjdk-1.8.0.91-0.b14.el7_2.x86_64/openjdk/hotspot/src/share/vm/classfile/systemDictionary.cpp, line 199]
Event: 2.096 Thread 0x00007f8630009000 Exception <a 'java/lang/NullPointerException'> (0x00000000f0ba4510) thrown at [/builddir/build/BUILD/java-1.8.0-openjdk-1.8.0.91-0.b14.el7_2.x86_64/openjdk/hotspot/src/share/vm/interpreter/linkResolver.cpp, line 1178]
Event: 2.096 Thread 0x00007f8630009000 Exception <a 'java/lang/NullPointerException'> (0x00000000f0ba4728) thrown at [/builddir/build/BUILD/java-1.8.0-openjdk-1.8.0.91-0.b14.el7_2.x86_64/openjdk/hotspot/src/share/vm/interpreter/linkResolver.cpp, line 1178]
Event: 2.096 Thread 0x00007f8630009000 Exception <a 'java/lang/NullPointerException'> (0x00000000f0ba4940) thrown at [/builddir/build/BUILD/java-1.8.0-openjdk-1.8.0.91-0.b14.el7_2.x86_64/openjdk/hotspot/src/share/vm/interpreter/linkResolver.cpp, line 1178]
Event: 2.097 Thread 0x00007f8630009000 Exception <a 'java/lang/NullPointerException'> (0x00000000f0bb4428) thrown at [/builddir/build/BUILD/java-1.8.0-openjdk-1.8.0.91-0.b14.el7_2.x86_64/openjdk/hotspot/src/share/vm/interpreter/linkResolver.cpp, line 1178]
Event: 2.097 Thread 0x00007f8630009000 Exception <a 'java/lang/NullPointerException'> (0x00000000f0bb4640) thrown at [/builddir/build/BUILD/java-1.8.0-openjdk-1.8.0.91-0.b14.el7_2.x86_64/openjdk/hotspot/src/share/vm/interpreter/linkResolver.cpp, line 1178]
Event: 2.097 Thread 0x00007f8630009000 Exception <a 'java/lang/NullPointerException'> (0x00000000f0bb4858) thrown at [/builddir/build/BUILD/java-1.8.0-openjdk-1.8.0.91-0.b14.el7_2.x86_64/openjdk/hotspot/src/share/vm/interpreter/linkResolver.cpp, line 1178]
Event: 2.437 Thread 0x00007f8630009000 Implicit null exception at 0x00007f862128efb5 to 0x00007f862128f199
Event: 2.586 Thread 0x00007f8630009000 Implicit null exception at 0x00007f86214f5281 to 0x00007f86214f5c85
Event: 8.599 Thread 0x00007f8630009000 Implicit null exception at 0x00007f8621740c2f to 0x00007f8621741e91

Events (10 events):
Event: 9.263 Thread 0x00007f86300c2800 flushing nmethod 0x00007f8621606d90
Event: 9.263 Thread 0x00007f86300c2800 flushing nmethod 0x00007f86216281d0
Event: 9.263 Thread 0x00007f86300c2800 flushing nmethod 0x00007f8621636fd0
Event: 9.263 Thread 0x00007f86300c2800 flushing nmethod 0x00007f862163e950
Event: 9.283 Thread 0x00007f8630009000 Uncommon trap: trap_request=0xffffff65 fr.pc=0x00007f862112b6e4
Event: 9.284 Thread 0x00007f8630009000 DEOPT PACKING pc=0x00007f862112b6e4 sp=0x00007f8639f31580
Event: 9.284 Thread 0x00007f8630009000 DEOPT UNPACKING pc=0x00007f8621004f69 sp=0x00007f8639f31558 mode 2
Event: 10.243 Executing VM operation: GenCollectForAllocation
Event: 10.246 Executing VM operation: GenCollectForAllocation done
Event: 12.026 Executing VM operation: GenCollectForAllocation


Dynamic libraries:
00400000-00401000 r-xp 00000000 ca:02 25811540                           /usr/lib/jvm/java-1.8.0-openjdk-1.8.0.91-0.b14.el7_2.x86_64/bin/java
00600000-00601000 r--p 00000000 ca:02 25811540                           /usr/lib/jvm/java-1.8.0-openjdk-1.8.0.91-0.b14.el7_2.x86_64/bin/java
00601000-00602000 rw-p 00001000 ca:02 25811540                           /usr/lib/jvm/java-1.8.0-openjdk-1.8.0.91-0.b14.el7_2.x86_64/bin/java
01dc4000-01de5000 rw-p 00000000 00:00 0                                  [heap]
f0800000-f0e50000 rw-p 00000000 00:00 0 
f0e50000-f5aa0000 ---p 00000000 00:00 0 
f5aa0000-f6757000 rw-p 00000000 00:00 0 
f6dda000-100000000 ---p 00000000 00:00 0 
100000000-100200000 rw-p 00000000 00:00 0 
100200000-140000000 ---p 00000000 00:00 0 
7f85f8000000-7f85f8021000 rw-p 00000000 00:00 0 
7f85f8021000-7f85fc000000 ---p 00000000 00:00 0 
7f8600000000-7f8600ff1000 rw-p 00000000 00:00 0 
7f8600ff1000-7f8604000000 ---p 00000000 00:00 0 
7f8604000000-7f86047a3000 rw-p 00000000 00:00 0 
7f86047a3000-7f8608000000 ---p 00000000 00:00 0 
7f8608000000-7f8608021000 rw-p 00000000 00:00 0 
7f8608021000-7f860c000000 ---p 00000000 00:00 0 
7f860dad9000-7f8614000000 r--p 00000000 ca:02 31158                      /usr/lib/locale/locale-archive
7f8614000000-7f8614021000 rw-p 00000000 00:00 0 
7f8614021000-7f8618000000 ---p 00000000 00:00 0 
7f8618000000-7f8618021000 rw-p 00000000 00:00 0 
7f8618021000-7f861c000000 ---p 00000000 00:00 0 
7f861c000000-7f861c16b000 rw-p 00000000 00:00 0 
7f861c16b000-7f8620000000 ---p 00000000 00:00 0 
7f8621000000-7f86219b0000 rwxp 00000000 00:00 0 
7f86219b0000-7f8630000000 ---p 00000000 00:00 0 
7f8630000000-7f8630874000 rw-p 00000000 00:00 0 
7f8630874000-7f8634000000 ---p 00000000 00:00 0 
7f8634b85000-7f8634b86000 rw-p 00000000 00:00 0 
7f8634b86000-7f8634b87000 r--s 00004000 ca:02 42757353                   /home/ec2-user/.m2/repository/org/codehaus/plexus/plexus-compiler-javac/2.7/plexus-compiler-javac-2.7.jar
7f8634b87000-7f8634b89000 r--s 00000000 ca:02 25811529                   /home/ec2-user/.m2/repository/org/codehaus/plexus/plexus-compiler-manager/2.7/plexus-compiler-manager-2.7.jar
7f8634b89000-7f8634b8b000 r--s 00005000 ca:02 4904725                    /home/ec2-user/.m2/repository/org/codehaus/plexus/plexus-compiler-api/2.7/plexus-compiler-api-2.7.jar
7f8634b8b000-7f8634b8d000 r--s 00002000 ca:02 8957170                    /home/ec2-user/.m2/repository/org/apache/maven/shared/maven-shared-incremental/1.1/maven-shared-incremental-1.1.jar
7f8634b8d000-7f8634b8f000 r--s 00006000 ca:02 33690375                   /home/ec2-user/.m2/repository/com/google/code/findbugs/jsr305/2.0.1/jsr305-2.0.1.jar
7f8634b8f000-7f8634b93000 r--s 0002a000 ca:02 18413883                   /home/ec2-user/.m2/repository/commons-io/commons-io/2.4/commons-io-2.4.jar
7f8634b93000-7f8634b96000 r--s 00023000 ca:02 25811528                   /home/ec2-user/.m2/repository/org/apache/maven/shared/maven-shared-utils/3.0.0/maven-shared-utils-3.0.0.jar
7f8634b96000-7f8634b98000 r--s 00002000 ca:02 18451791                   /home/ec2-user/.m2/repository/org/sonatype/plexus/plexus-cipher/1.4/plexus-cipher-1.4.jar
7f8634b98000-7f8634b99000 r--s 00006000 ca:02 33690372                   /home/ec2-user/.m2/repository/org/sonatype/plexus/plexus-sec-dispatcher/1.3/plexus-sec-dispatcher-1.3.jar
7f8634b99000-7f8634b9b000 r--s 00000000 ca:02 18451789                   /home/ec2-user/.m2/repository/org/codehaus/plexus/plexus-component-annotations/1.5.5/plexus-component-annotations-1.5.5.jar
7f8634b9b000-7f8634b9d000 r--s 0000d000 ca:02 8957173                    /home/ec2-user/.m2/repository/org/codehaus/plexus/plexus-interpolation/1.14/plexus-interpolation-1.14.jar
7f8634b9d000-7f8634ba1000 r--s 00017000 ca:02 4904723                    /home/ec2-user/.m2/repository/org/sonatype/aether/aether-util/1.7/aether-util-1.7.jar
7f8634ba1000-7f8634ba5000 r--s 00033000 ca:02 4904717                    /home/ec2-user/.m2/repository/org/codehaus/plexus/plexus-utils/2.0.4/plexus-utils-2.0.4.jar
7f8634ba5000-7f8634bb0000 r--s 00069000 ca:02 25811521                   /home/ec2-user/.m2/repository/org/sonatype/sisu/sisu-guice/2.1.7/sisu-guice-2.1.7-noaop.jar
7f8634bb0000-7f8634bb5000 r--s 00021000 ca:02 8957169                    /home/ec2-user/.m2/repository/org/sonatype/sisu/sisu-inject-bean/1.4.2/sisu-inject-bean-1.4.2.jar
7f8634bb5000-7f8634bb7000 r--s 0000b000 ca:02 18373243                   /home/ec2-user/.m2/repository/org/apache/maven/plugins/maven-compiler-plugin/3.5.1/maven-compiler-plugin-3.5.1.jar
7f8634bb7000-7f8634bb9000 r--s 0000d000 ca:02 8926145                    /home/ec2-user/.m2/repository/org/codehaus/plexus/plexus-interpolation/1.13/plexus-interpolation-1.13.jar
7f8634bb9000-7f8634bba000 r--s 00001000 ca:02 4890601                    /home/ec2-user/.m2/repository/org/sonatype/plexus/plexus-build-api/0.0.4/plexus-build-api-0.0.4.jar
7f8634bba000-7f8634bbc000 r--s 00009000 ca:02 25805931                   /home/ec2-user/.m2/repository/org/apache/maven/shared/maven-filtering/1.1/maven-filtering-1.1.jar
7f8634bbc000-7f8634bc0000 r--s 00033000 ca:02 50750399                   /home/ec2-user/.m2/repository/org/codehaus/plexus/plexus-utils/2.0.5/plexus-utils-2.0.5.jar
7f8634bc0000-7f8634bc3000 r--s 0001b000 ca:02 18438629                   /home/ec2-user/.m2/repository/junit/junit/3.8.1/junit-3.8.1.jar
7f8634bc3000-7f8634bc5000 r--s 00002000 ca:02 18438678                   /home/ec2-user/.m2/repository/org/codehaus/plexus/plexus-interactivity-api/1.0-alpha-4/plexus-interactivity-api-1.0-alpha-4.jar
7f8634bc5000-7f8634bc7000 r--s 00006000 ca:02 42726566                   /home/ec2-user/.m2/repository/commons-cli/commons-cli/1.0/commons-cli-1.0.jar
7f8634bc7000-7f8634bc8000 r--s 00001000 ca:02 4890595                    /home/ec2-user/.m2/repository/org/apache/maven/doxia/doxia-sink-api/1.0-alpha-7/doxia-sink-api-1.0-alpha-7.jar
7f8634bc8000-7f8634bc9000 r--s 00002000 ca:02 18438679                   /home/ec2-user/.m2/repository/org/apache/maven/reporting/maven-reporting-api/2.0.6/maven-reporting-api-2.0.6.jar
7f8634bc9000-7f8634bcb000 r--s 00006000 ca:02 8918980                    /home/ec2-user/.m2/repository/org/apache/maven/plugins/maven-resources-plugin/2.6/maven-resources-plugin-2.6.jar
7f8634bcb000-7f8634d4b000 rw-p 00000000 00:00 0 
7f8634d4b000-7f8634dcb000 ---p 00000000 00:00 0 
7f8634dcb000-7f8634ddd000 r-xp 00000000 ca:02 25641375                   /usr/lib/jvm/java-1.8.0-openjdk-1.8.0.91-0.b14.el7_2.x86_64/jre/lib/amd64/libnio.so
7f8634ddd000-7f8634fdc000 ---p 00012000 ca:02 25641375                   /usr/lib/jvm/java-1.8.0-openjdk-1.8.0.91-0.b14.el7_2.x86_64/jre/lib/amd64/libnio.so
7f8634fdc000-7f8634fdd000 r--p 00011000 ca:02 25641375                   /usr/lib/jvm/java-1.8.0-openjdk-1.8.0.91-0.b14.el7_2.x86_64/jre/lib/amd64/libnio.so
7f8634fdd000-7f8634fde000 rw-p 00012000 ca:02 25641375                   /usr/lib/jvm/java-1.8.0-openjdk-1.8.0.91-0.b14.el7_2.x86_64/jre/lib/amd64/libnio.so
7f8634fde000-7f8634ff5000 r-xp 00000000 ca:02 25641374                   /usr/lib/jvm/java-1.8.0-openjdk-1.8.0.91-0.b14.el7_2.x86_64/jre/lib/amd64/libnet.so
7f8634ff5000-7f86351f4000 ---p 00017000 ca:02 25641374                   /usr/lib/jvm/java-1.8.0-openjdk-1.8.0.91-0.b14.el7_2.x86_64/jre/lib/amd64/libnet.so
7f86351f4000-7f86351f5000 r--p 00016000 ca:02 25641374                   /usr/lib/jvm/java-1.8.0-openjdk-1.8.0.91-0.b14.el7_2.x86_64/jre/lib/amd64/libnet.so
7f86351f5000-7f86351f6000 rw-p 00017000 ca:02 25641374                   /usr/lib/jvm/java-1.8.0-openjdk-1.8.0.91-0.b14.el7_2.x86_64/jre/lib/amd64/libnet.so
7f86351f6000-7f86353f6000 rw-p 00000000 00:00 0 
7f86353f6000-7f86353fa000 r--s 000b0000 ca:02 17898682                   /usr/lib/jvm/java-1.8.0-openjdk-1.8.0.91-0.b14.el7_2.x86_64/jre/lib/jsse.jar
7f86353fa000-7f86355fa000 rw-p 00000000 00:00 0 
7f86355fa000-7f86357fa000 rw-p 00000000 00:00 0 
7f86357fa000-7f86357fd000 r--s 0000d000 ca:02 18373192                   /usr/share/apache-maven/lib/plexus-interpolation-1.21.jar
7f86357fd000-7f8635801000 r--s 00038000 ca:02 18373195                   /usr/share/apache-maven/lib/plexus-utils-3.0.22.jar
7f8635801000-7f8635803000 r--s 00000000 ca:02 18373191                   /usr/share/apache-maven/lib/plexus-component-annotations-1.6.jar
7f8635803000-7f8635805000 r--s 0000b000 ca:02 18373206                   /usr/share/apache-maven/lib/wagon-provider-api-2.10.jar
7f8635805000-7f8635807000 r--s 00002000 ca:02 18373189                   /usr/share/apache-maven/lib/plexus-cipher-1.7.jar
7f8635807000-7f863580c000 r--s 00026000 ca:02 17898709                   /usr/share/apache-maven/lib/maven-model-builder-3.3.9.jar
7f863580c000-7f863580d000 r--s 00006000 ca:02 18373193                   /usr/share/apache-maven/lib/plexus-sec-dispatcher-1.3.jar
7f863580d000-7f8635810000 r--s 00025000 ca:02 17898708                   /usr/share/apache-maven/lib/maven-model-3.3.9.jar
7f8635810000-7f8635811000 r--s 00002000 ca:02 18373203                   /usr/share/apache-maven/lib/wagon-http-shared-2.10.jar
7f8635811000-7f863583f000 r--s 001f3000 ca:02 18373202                   /usr/share/apache-maven/lib/wagon-http-2.10-shaded.jar
7f863583f000-7f8635842000 r--s 00013000 ca:02 17898705                   /usr/share/apache-maven/lib/maven-embedder-3.3.9.jar
7f8635842000-7f863584f000 r--s 0008d000 ca:02 18258850                   /usr/share/apache-maven/lib/maven-core-3.3.9.jar
7f863584f000-7f8635856000 r--s 00040000 ca:02 18258848                   /usr/share/apache-maven/lib/maven-compat-3.3.9.jar
7f8635856000-7f8635857000 r--s 00002000 ca:02 18373200                   /usr/share/apache-maven/lib/wagon-file-2.10.jar
7f8635857000-7f863585d000 r--s 0002d000 ca:02 18373187                   /usr/share/apache-maven/lib/org.eclipse.sisu.plexus-0.3.2.jar
7f863585d000-7f863585e000 r--s 00003000 ca:02 18296397                   /usr/share/apache-maven/lib/maven-builder-support-3.3.9.jar
7f863585e000-7f8635861000 r--s 0000b000 ca:02 18372799                   /usr/share/apache-maven/lib/maven-artifact-3.3.9.jar
7f8635861000-7f8635862000 r--s 00002000 ca:02 18373198                   /usr/share/apache-maven/lib/slf4j-simple-1.7.5.jar
7f8635862000-7f863586a000 r--s 00055000 ca:02 18373185                   /usr/share/apache-maven/lib/org.eclipse.sisu.inject-0.3.2.jar
7f863586a000-7f863586c000 r--s 0000f000 ca:02 18372797                   /usr/share/apache-maven/lib/maven-aether-provider-3.3.9.jar
7f863586c000-7f8635872000 r--s 00042000 ca:02 18372793                   /usr/share/apache-maven/lib/jsoup-1.7.2.jar
7f8635872000-7f863587b000 r--s 0005f000 ca:02 18372791                   /usr/share/apache-maven/lib/guice-4.0-no_aop.jar
7f863587b000-7f86358a6000 r--s 001f5000 ca:02 18372790                   /usr/share/apache-maven/lib/guava-18.0.jar
7f86358a6000-7f86358ad000 r--s 00063000 ca:02 18372788                   /usr/share/apache-maven/lib/commons-lang3-3.4.jar
7f86358ad000-7f86358af000 r--s 00005000 ca:02 18373196                   /usr/share/apache-maven/lib/slf4j-api-1.7.5.jar
7f86358af000-7f86358b4000 r--s 00041000 ca:02 18372787                   /usr/share/apache-maven/lib/commons-lang-2.6.jar
7f86358b4000-7f86358b8000 r--s 00027000 ca:02 18372786                   /usr/share/apache-maven/lib/commons-io-2.2.jar
7f86358b8000-7f86358ba000 r--s 00009000 ca:02 18372785                   /usr/share/apache-maven/lib/commons-cli-1.2.jar
7f86358ba000-7f86358bd000 r--s 00008000 ca:02 18372783                   /usr/share/apache-maven/lib/cdi-api-1.0.jar
7f86358bd000-7f86358be000 ---p 00000000 00:00 0 
7f86358be000-7f86359be000 rw-p 00000000 00:00 0                          [stack:21912]
7f86359be000-7f86359c1000 ---p 00000000 00:00 0 
7f86359c1000-7f8635abf000 rw-p 00000000 00:00 0                          [stack:21911]
7f8635abf000-7f8635ac2000 ---p 00000000 00:00 0 
7f8635ac2000-7f8635bc0000 rw-p 00000000 00:00 0                          [stack:21910]
7f8635bc0000-7f8635bc3000 ---p 00000000 00:00 0 
7f8635bc3000-7f8635cc1000 rw-p 00000000 00:00 0                          [stack:21909]
7f8635cc1000-7f8635cc4000 ---p 00000000 00:00 0 
7f8635cc4000-7f8635dc2000 rw-p 00000000 00:00 0                          [stack:21908]
7f8635dc2000-7f8635dc5000 ---p 00000000 00:00 0 
7f8635dc5000-7f8635ec3000 rw-p 00000000 00:00 0                          [stack:21907]
7f8635ec3000-7f8635ec6000 ---p 00000000 00:00 0 
7f8635ec6000-7f8635fc4000 rw-p 00000000 00:00 0                          [stack:21906]
7f8635fc4000-7f8635fc5000 ---p 00000000 00:00 0 
7f8635fc5000-7f8636112000 rw-p 00000000 00:00 0                          [stack:21905]
7f8636112000-7f86362e0000 r--s 043be000 ca:02 17898691                   /usr/lib/jvm/java-1.8.0-openjdk-1.8.0.91-0.b14.el7_2.x86_64/jre/lib/rt.jar
7f86362e0000-7f8636bd9000 rw-p 00000000 00:00 0 
7f8636bd9000-7f8636c00000 rw-p 00000000 00:00 0 
7f8636c00000-7f8636f99000 ---p 00000000 00:00 0 
7f8636f99000-7f8636fa1000 r-xp 00000000 ca:02 25641381                   /usr/lib/jvm/java-1.8.0-openjdk-1.8.0.91-0.b14.el7_2.x86_64/jre/lib/amd64/libzip.so
7f8636fa1000-7f86371a0000 ---p 00008000 ca:02 25641381                   /usr/lib/jvm/java-1.8.0-openjdk-1.8.0.91-0.b14.el7_2.x86_64/jre/lib/amd64/libzip.so
7f86371a0000-7f86371a1000 r--p 00007000 ca:02 25641381                   /usr/lib/jvm/java-1.8.0-openjdk-1.8.0.91-0.b14.el7_2.x86_64/jre/lib/amd64/libzip.so
7f86371a1000-7f86371a2000 rw-p 00008000 ca:02 25641381                   /usr/lib/jvm/java-1.8.0-openjdk-1.8.0.91-0.b14.el7_2.x86_64/jre/lib/amd64/libzip.so
7f86371a2000-7f86371ad000 r-xp 00000000 ca:02 16820103                   /usr/lib64/libnss_files-2.17.so
7f86371ad000-7f86373ac000 ---p 0000b000 ca:02 16820103                   /usr/lib64/libnss_files-2.17.so
7f86373ac000-7f86373ad000 r--p 0000a000 ca:02 16820103                   /usr/lib64/libnss_files-2.17.so
7f86373ad000-7f86373ae000 rw-p 0000b000 ca:02 16820103                   /usr/lib64/libnss_files-2.17.so
7f86373ae000-7f86373b4000 rw-p 00000000 00:00 0 
7f86373b4000-7f86373e1000 r-xp 00000000 ca:02 25641364                   /usr/lib/jvm/java-1.8.0-openjdk-1.8.0.91-0.b14.el7_2.x86_64/jre/lib/amd64/libjava.so
7f86373e1000-7f86375e0000 ---p 0002d000 ca:02 25641364                   /usr/lib/jvm/java-1.8.0-openjdk-1.8.0.91-0.b14.el7_2.x86_64/jre/lib/amd64/libjava.so
7f86375e0000-7f86375e1000 r--p 0002c000 ca:02 25641364                   /usr/lib/jvm/java-1.8.0-openjdk-1.8.0.91-0.b14.el7_2.x86_64/jre/lib/amd64/libjava.so
7f86375e1000-7f86375e3000 rw-p 0002d000 ca:02 25641364                   /usr/lib/jvm/java-1.8.0-openjdk-1.8.0.91-0.b14.el7_2.x86_64/jre/lib/amd64/libjava.so
7f86375e3000-7f86375f0000 r-xp 00000000 ca:02 25641380                   /usr/lib/jvm/java-1.8.0-openjdk-1.8.0.91-0.b14.el7_2.x86_64/jre/lib/amd64/libverify.so
7f86375f0000-7f86377ef000 ---p 0000d000 ca:02 25641380                   /usr/lib/jvm/java-1.8.0-openjdk-1.8.0.91-0.b14.el7_2.x86_64/jre/lib/amd64/libverify.so
7f86377ef000-7f86377f1000 r--p 0000c000 ca:02 25641380                   /usr/lib/jvm/java-1.8.0-openjdk-1.8.0.91-0.b14.el7_2.x86_64/jre/lib/amd64/libverify.so
7f86377f1000-7f86377f2000 rw-p 0000e000 ca:02 25641380                   /usr/lib/jvm/java-1.8.0-openjdk-1.8.0.91-0.b14.el7_2.x86_64/jre/lib/amd64/libverify.so
7f86377f2000-7f86377f9000 r-xp 00000000 ca:02 16820115                   /usr/lib64/librt-2.17.so
7f86377f9000-7f86379f8000 ---p 00007000 ca:02 16820115                   /usr/lib64/librt-2.17.so
7f86379f8000-7f86379f9000 r--p 00006000 ca:02 16820115                   /usr/lib64/librt-2.17.so
7f86379f9000-7f86379fa000 rw-p 00007000 ca:02 16820115                   /usr/lib64/librt-2.17.so
7f86379fa000-7f8637a0f000 r-xp 00000000 ca:02 16818313                   /usr/lib64/libgcc_s-4.8.5-20150702.so.1
7f8637a0f000-7f8637c0e000 ---p 00015000 ca:02 16818313                   /usr/lib64/libgcc_s-4.8.5-20150702.so.1
7f8637c0e000-7f8637c0f000 r--p 00014000 ca:02 16818313                   /usr/lib64/libgcc_s-4.8.5-20150702.so.1
7f8637c0f000-7f8637c10000 rw-p 00015000 ca:02 16818313                   /usr/lib64/libgcc_s-4.8.5-20150702.so.1
7f8637c10000-7f8637d11000 r-xp 00000000 ca:02 16820093                   /usr/lib64/libm-2.17.so
7f8637d11000-7f8637f10000 ---p 00101000 ca:02 16820093                   /usr/lib64/libm-2.17.so
7f8637f10000-7f8637f11000 r--p 00100000 ca:02 16820093                   /usr/lib64/libm-2.17.so
7f8637f11000-7f8637f12000 rw-p 00101000 ca:02 16820093                   /usr/lib64/libm-2.17.so
7f8637f12000-7f8637ffb000 r-xp 00000000 ca:02 16821188                   /usr/lib64/libstdc++.so.6.0.19
7f8637ffb000-7f86381fb000 ---p 000e9000 ca:02 16821188                   /usr/lib64/libstdc++.so.6.0.19
7f86381fb000-7f8638204000 r--p 000e9000 ca:02 16821188                   /usr/lib64/libstdc++.so.6.0.19
7f8638204000-7f8638206000 rw-p 000f2000 ca:02 16821188                   /usr/lib64/libstdc++.so.6.0.19
7f8638206000-7f863821b000 rw-p 00000000 00:00 0 
7f863821b000-7f8638e21000 r-xp 00000000 ca:02 50483475                   /usr/lib/jvm/java-1.8.0-openjdk-1.8.0.91-0.b14.el7_2.x86_64/jre/lib/amd64/server/libjvm.so
7f8638e21000-7f8639020000 ---p 00c06000 ca:02 50483475                   /usr/lib/jvm/java-1.8.0-openjdk-1.8.0.91-0.b14.el7_2.x86_64/jre/lib/amd64/server/libjvm.so
7f8639020000-7f86390bf000 r--p 00c05000 ca:02 50483475                   /usr/lib/jvm/java-1.8.0-openjdk-1.8.0.91-0.b14.el7_2.x86_64/jre/lib/amd64/server/libjvm.so
7f86390bf000-7f86390e8000 rw-p 00ca4000 ca:02 50483475                   /usr/lib/jvm/java-1.8.0-openjdk-1.8.0.91-0.b14.el7_2.x86_64/jre/lib/amd64/server/libjvm.so
7f86390e8000-7f863911a000 rw-p 00000000 00:00 0 
7f863911a000-7f86392d0000 r-xp 00000000 ca:02 16820085                   /usr/lib64/libc-2.17.so
7f86392d0000-7f86394d0000 ---p 001b6000 ca:02 16820085                   /usr/lib64/libc-2.17.so
7f86394d0000-7f86394d4000 r--p 001b6000 ca:02 16820085                   /usr/lib64/libc-2.17.so
7f86394d4000-7f86394d6000 rw-p 001ba000 ca:02 16820085                   /usr/lib64/libc-2.17.so
7f86394d6000-7f86394db000 rw-p 00000000 00:00 0 
7f86394db000-7f86394de000 r-xp 00000000 ca:02 16820091                   /usr/lib64/libdl-2.17.so
7f86394de000-7f86396dd000 ---p 00003000 ca:02 16820091                   /usr/lib64/libdl-2.17.so
7f86396dd000-7f86396de000 r--p 00002000 ca:02 16820091                   /usr/lib64/libdl-2.17.so
7f86396de000-7f86396df000 rw-p 00003000 ca:02 16820091                   /usr/lib64/libdl-2.17.so
7f86396df000-7f86396ed000 r-xp 00000000 ca:02 8957191                    /usr/lib/jvm/java-1.8.0-openjdk-1.8.0.91-0.b14.el7_2.x86_64/lib/amd64/jli/libjli.so
7f86396ed000-7f86398ec000 ---p 0000e000 ca:02 8957191                    /usr/lib/jvm/java-1.8.0-openjdk-1.8.0.91-0.b14.el7_2.x86_64/lib/amd64/jli/libjli.so
7f86398ec000-7f86398ed000 r--p 0000d000 ca:02 8957191                    /usr/lib/jvm/java-1.8.0-openjdk-1.8.0.91-0.b14.el7_2.x86_64/lib/amd64/jli/libjli.so
7f86398ed000-7f86398ee000 rw-p 0000e000 ca:02 8957191                    /usr/lib/jvm/java-1.8.0-openjdk-1.8.0.91-0.b14.el7_2.x86_64/lib/amd64/jli/libjli.so
7f86398ee000-7f8639903000 r-xp 00000000 ca:02 16821247                   /usr/lib64/libz.so.1.2.7
7f8639903000-7f8639b02000 ---p 00015000 ca:02 16821247                   /usr/lib64/libz.so.1.2.7
7f8639b02000-7f8639b03000 r--p 00014000 ca:02 16821247                   /usr/lib64/libz.so.1.2.7
7f8639b03000-7f8639b04000 rw-p 00015000 ca:02 16821247                   /usr/lib64/libz.so.1.2.7
7f8639b04000-7f8639b1a000 r-xp 00000000 ca:02 16820111                   /usr/lib64/libpthread-2.17.so
7f8639b1a000-7f8639d1a000 ---p 00016000 ca:02 16820111                   /usr/lib64/libpthread-2.17.so
7f8639d1a000-7f8639d1b000 r--p 00016000 ca:02 16820111                   /usr/lib64/libpthread-2.17.so
7f8639d1b000-7f8639d1c000 rw-p 00017000 ca:02 16820111                   /usr/lib64/libpthread-2.17.so
7f8639d1c000-7f8639d20000 rw-p 00000000 00:00 0 
7f8639d20000-7f8639d41000 r-xp 00000000 ca:02 16820078                   /usr/lib64/ld-2.17.so
7f8639d41000-7f8639d42000 r--s 00001000 ca:02 18372795                   /usr/share/apache-maven/lib/jsr250-api-1.0.jar
7f8639d42000-7f8639d44000 r--s 00000000 ca:02 18372782                   /usr/share/apache-maven/lib/aopalliance-1.0.jar
7f8639d44000-7f8639d48000 r--s 00020000 ca:02 18372780                   /usr/share/apache-maven/lib/aether-util-1.0.2.v20150114.jar
7f8639d48000-7f8639d4a000 r--s 00009000 ca:02 17898716                   /usr/share/apache-maven/lib/maven-settings-3.3.9.jar
7f8639d4a000-7f8639d4c000 r--s 00005000 ca:02 18372778                   /usr/share/apache-maven/lib/aether-transport-wagon-1.0.2.v20150114.jar
7f8639d4c000-7f8639d4e000 r--s 0000a000 ca:02 17898712                   /usr/share/apache-maven/lib/maven-plugin-api-3.3.9.jar
7f8639d4e000-7f8639d50000 r--s 00006000 ca:02 18372776                   /usr/share/apache-maven/lib/aether-spi-1.0.2.v20150114.jar
7f8639d50000-7f8639d52000 r--s 00009000 ca:02 17898717                   /usr/share/apache-maven/lib/maven-settings-builder-3.3.9.jar
7f8639d52000-7f8639d56000 r--s 00027000 ca:02 18372774                   /usr/share/apache-maven/lib/aether-impl-1.0.2.v20150114.jar
7f8639d56000-7f8639d5b000 r--s 0001d000 ca:02 18372770                   /usr/share/apache-maven/lib/aether-api-1.0.2.v20150114.jar
7f8639d5b000-7f8639d62000 rw-p 00000000 00:00 0 
7f8639d62000-7f8639dae000 ---p 00000000 00:00 0 
7f8639dae000-7f8639db2000 rw-p 00000000 00:00 0 
7f8639db2000-7f8639dd7000 ---p 00000000 00:00 0 
7f8639dd7000-7f8639dde000 rw-p 00000000 00:00 0 
7f8639dde000-7f8639e2a000 ---p 00000000 00:00 0 
7f8639e2a000-7f8639e2b000 rw-p 00000000 00:00 0 
7f8639e2b000-7f8639e33000 rw-s 00000000 ca:02 18262179                   /tmp/hsperfdata_ec2-user/21894
7f8639e33000-7f8639e36000 ---p 00000000 00:00 0 
7f8639e36000-7f8639f39000 rw-p 00000000 00:00 0                          [stack:21904]
7f8639f39000-7f8639f3a000 r--s 00000000 ca:02 18372792                   /usr/share/apache-maven/lib/javax.inject-1.jar
7f8639f3a000-7f8639f3b000 r--s 00006000 ca:02 17898714                   /usr/share/apache-maven/lib/maven-repository-metadata-3.3.9.jar
7f8639f3b000-7f8639f3c000 r--s 00008000 ca:02 18372772                   /usr/share/apache-maven/lib/aether-connector-basic-1.0.2.v20150114.jar
7f8639f3c000-7f8639f3e000 r--s 0000b000 ca:02 9192479                    /usr/share/apache-maven/boot/plexus-classworlds-2.5.2.jar
7f8639f3e000-7f8639f3f000 rw-p 00000000 00:00 0 
7f8639f3f000-7f8639f40000 ---p 00000000 00:00 0 
7f8639f40000-7f8639f41000 rw-p 00000000 00:00 0 
7f8639f41000-7f8639f42000 r--p 00021000 ca:02 16820078                   /usr/lib64/ld-2.17.so
7f8639f42000-7f8639f43000 rw-p 00022000 ca:02 16820078                   /usr/lib64/ld-2.17.so
7f8639f43000-7f8639f44000 rw-p 00000000 00:00 0 
7ffca5aa6000-7ffca5ac7000 rw-p 00000000 00:00 0                          [stack]
7ffca5bd4000-7ffca5bd6000 r-xp 00000000 00:00 0                          [vdso]
ffffffffff600000-ffffffffff601000 r-xp 00000000 00:00 0                  [vsyscall]

VM Arguments:
jvm_args: -Dclassworlds.conf=/usr/share/apache-maven/bin/m2.conf -Dmaven.home=/usr/share/apache-maven -Dmaven.multiModuleProjectDirectory=/home/ec2-user/diploma/storm-clustering 
java_command: org.codehaus.plexus.classworlds.launcher.Launcher package -P aws
java_class_path (initial): /usr/share/apache-maven/boot/plexus-classworlds-2.5.2.jar
Launcher Type: SUN_STANDARD

Environment Variables:
JAVA_HOME=/usr/lib/jvm/java-1.8.0-openjdk-1.8.0.91-0.b14.el7_2.x86_64
PATH=/usr/local/bin:/usr/bin:/usr/local/sbin:/usr/sbin:/home/ec2-user/.local/bin:/home/ec2-user/bin:/usr/lib/jvm/java-1.8.0-openjdk-1.8.0.91-0.b14.el7_2.x86_64/bin
SHELL=/bin/bash

Signal Handlers:
SIGSEGV: [libjvm.so+0xa0b060], sa_mask[0]=11111111011111111101111111111110, sa_flags=SA_RESTART|SA_SIGINFO
SIGBUS: [libjvm.so+0xa0b060], sa_mask[0]=11111111011111111101111111111110, sa_flags=SA_RESTART|SA_SIGINFO
SIGFPE: [libjvm.so+0x868dc0], sa_mask[0]=11111111011111111101111111111110, sa_flags=SA_RESTART|SA_SIGINFO
SIGPIPE: [libjvm.so+0x868dc0], sa_mask[0]=11111111011111111101111111111110, sa_flags=SA_RESTART|SA_SIGINFO
SIGXFSZ: [libjvm.so+0x868dc0], sa_mask[0]=11111111011111111101111111111110, sa_flags=SA_RESTART|SA_SIGINFO
SIGILL: [libjvm.so+0x868dc0], sa_mask[0]=11111111011111111101111111111110, sa_flags=SA_RESTART|SA_SIGINFO
SIGUSR1: SIG_DFL, sa_mask[0]=00000000000000000000000000000000, sa_flags=none
SIGUSR2: [libjvm.so+0x868c70], sa_mask[0]=00000000000000000000000000000000, sa_flags=SA_RESTART|SA_SIGINFO
SIGHUP: [libjvm.so+0x868e80], sa_mask[0]=11111111011111111101111111111110, sa_flags=SA_RESTART|SA_SIGINFO
SIGINT: [libjvm.so+0x868e80], sa_mask[0]=11111111011111111101111111111110, sa_flags=SA_RESTART|SA_SIGINFO
SIGTERM: [libjvm.so+0x868e80], sa_mask[0]=11111111011111111101111111111110, sa_flags=SA_RESTART|SA_SIGINFO
SIGQUIT: [libjvm.so+0x868e80], sa_mask[0]=11111111011111111101111111111110, sa_flags=SA_RESTART|SA_SIGINFO


---------------  S Y S T E M  ---------------

OS:Red Hat Enterprise Linux Server release 7.2 (Maipo)

uname:Linux 3.10.0-327.el7.x86_64 #1 SMP Thu Oct 29 17:29:29 EDT 2015 x86_64
libc:glibc 2.17 NPTL 2.17 
rlimit: STACK 8192k, CORE 0k, NPROC 3824, NOFILE 4096, AS infinity
load average:0.53 0.42 0.66

/proc/meminfo:
MemTotal:        1015472 kB
MemFree:           53412 kB
MemAvailable:      13204 kB
Buffers:               0 kB
Cached:            30552 kB
SwapCached:            0 kB
Active:           867128 kB
Inactive:          28728 kB
Active(anon):     865424 kB
Inactive(anon):    12824 kB
Active(file):       1704 kB
Inactive(file):    15904 kB
Unevictable:           0 kB
Mlocked:               0 kB
SwapTotal:             0 kB
SwapFree:              0 kB
Dirty:                52 kB
Writeback:             0 kB
AnonPages:        865304 kB
Mapped:             4468 kB
Shmem:             12944 kB
Slab:              39564 kB
SReclaimable:      14600 kB
SUnreclaim:        24964 kB
KernelStack:        4832 kB
PageTables:         6552 kB
NFS_Unstable:          0 kB
Bounce:                0 kB
WritebackTmp:          0 kB
CommitLimit:      507736 kB
Committed_AS:    1208200 kB
VmallocTotal:   34359738367 kB
VmallocUsed:       10180 kB
VmallocChunk:   34359722748 kB
HardwareCorrupted:     0 kB
AnonHugePages:    251904 kB
HugePages_Total:       0
HugePages_Free:        0
HugePages_Rsvd:        0
HugePages_Surp:        0
Hugepagesize:       2048 kB
DirectMap4k:       51200 kB
DirectMap2M:      997376 kB


CPU:total 1 (1 cores per cpu, 1 threads per core) family 6 model 63 stepping 2, cmov, cx8, fxsr, mmx, sse, sse2, sse3, ssse3, sse4.1, sse4.2, popcnt, avx, avx2, aes, clmul, erms, lzcnt, tsc, bmi1, bmi2

/proc/cpuinfo:
processor	: 0
vendor_id	: GenuineIntel
cpu family	: 6
model		: 63
model name	: Intel(R) Xeon(R) CPU E5-2676 v3 @ 2.40GHz
stepping	: 2
microcode	: 0x25
cpu MHz		: 2400.086
cache size	: 30720 KB
physical id	: 0
siblings	: 1
core id		: 0
cpu cores	: 1
apicid		: 0
initial apicid	: 0
fpu		: yes
fpu_exception	: yes
cpuid level	: 13
wp		: yes
flags		: fpu vme de pse tsc msr pae mce cx8 apic sep mtrr pge mca cmov pat pse36 clflush mmx fxsr sse sse2 ht syscall nx rdtscp lm constant_tsc rep_good nopl xtopology eagerfpu pni pclmulqdq ssse3 fma cx16 pcid sse4_1 sse4_2 x2apic movbe popcnt tsc_deadline_timer aes xsave avx f16c rdrand hypervisor lahf_lm abm fsgsbase bmi1 avx2 smep bmi2 erms invpcid xsaveopt
bogomips	: 4800.17
clflush size	: 64
cache_alignment	: 64
address sizes	: 46 bits physical, 48 bits virtual
power management:



Memory: 4k page, physical 1015472k(53412k free), swap 0k(0k free)

vm_info: OpenJDK 64-Bit Server VM (25.91-b14) for linux-amd64 JRE (1.8.0_91-b14), built on Apr 12 2016 16:23:31 by "mockbuild" with gcc 4.8.5 20150623 (Red Hat 4.8.5-4)

time: Thu Apr 27 20:32:47 2017
elapsed time: 12 seconds (0d 0h 0m 12s)

