#
# There is insufficient memory for the Java Runtime Environment to continue.
# Native memory allocation (mmap) failed to map 10596352 bytes for committing reserved memory.
# Possible reasons:
#   The system is out of physical RAM or swap space
#   In 32 bit mode, the process size limit was hit
# Possible solutions:
#   Reduce memory load on the system
#   Increase physical memory or swap space
#   Check if swap backing store is full
#   Use 64 bit Java on a 64 bit OS
#   Decrease Java heap size (-Xmx/-Xms)
#   Decrease number of Java threads
#   Decrease Java thread stack sizes (-Xss)
#   Set larger code cache with -XX:ReservedCodeCacheSize=
# This output file may be truncated or incomplete.
#
#  Out of Memory Error (os_linux.cpp:2638), pid=19571, tid=139859802134272
#
# JRE version: OpenJDK Runtime Environment (8.0_91-b14) (build 1.8.0_91-b14)
# Java VM: OpenJDK 64-Bit Server VM (25.91-b14 mixed mode linux-amd64 compressed oops)
# Failed to write core dump. Core dumps have been disabled. To enable core dumping, try "ulimit -c unlimited" before starting Java again
#

---------------  T H R E A D  ---------------

Current thread (0x00007f33a007b000):  VMThread [stack: 0x00007f33a5c31000,0x00007f33a5d32000] [id=19582]

Stack: [0x00007f33a5c31000,0x00007f33a5d32000],  sp=0x00007f33a5d30510,  free space=1021k
Native frames: (J=compiled Java code, j=interpreted, Vv=VM code, C=native code)
V  [libjvm.so+0xa0a54d]
V  [libjvm.so+0x4c591a]
V  [libjvm.so+0x86d500]
V  [libjvm.so+0x867bfe]
V  [libjvm.so+0xa07344]
V  [libjvm.so+0x5b057d]
V  [libjvm.so+0x5b08fd]
V  [libjvm.so+0x5a0f70]
V  [libjvm.so+0x457c32]
V  [libjvm.so+0xa0b4f1]
V  [libjvm.so+0xa10707]
V  [libjvm.so+0xa0f0f8]
V  [libjvm.so+0xa0f5c9]
V  [libjvm.so+0xa0fa21]
V  [libjvm.so+0x86a932]

VM_Operation (0x00007f33a9b9e0b0): GenCollectForAllocation, mode: safepoint, requested by thread 0x00007f33a0009000


---------------  P R O C E S S  ---------------

Java Threads: ( => current thread )
  0x00007f33a0c31800 JavaThread "resolver-5" daemon [_thread_blocked, id=19596, stack(0x00007f3390646000,0x00007f3390747000)]
  0x00007f33a09bd000 JavaThread "resolver-4" daemon [_thread_blocked, id=19595, stack(0x00007f3390747000,0x00007f3390848000)]
  0x00007f33a09bb000 JavaThread "resolver-3" daemon [_thread_blocked, id=19594, stack(0x00007f3390848000,0x00007f3390949000)]
  0x00007f33a09b7800 JavaThread "resolver-2" daemon [_thread_blocked, id=19593, stack(0x00007f3390949000,0x00007f3390a4a000)]
  0x00007f33a09b6800 JavaThread "resolver-1" daemon [_thread_blocked, id=19592, stack(0x00007f3390eff000,0x00007f3391000000)]
  0x00007f33a09a7800 JavaThread "process reaper" daemon [_thread_blocked, id=19591, stack(0x00007f33a40f2000,0x00007f33a412b000)]
  0x00007f33a00c5800 JavaThread "Service Thread" daemon [_thread_blocked, id=19588, stack(0x00007f33a562b000,0x00007f33a572c000)]
  0x00007f33a00c2800 JavaThread "C1 CompilerThread1" daemon [_thread_blocked, id=19587, stack(0x00007f33a572c000,0x00007f33a582d000)]
  0x00007f33a00b6000 JavaThread "C2 CompilerThread0" daemon [_thread_blocked, id=19586, stack(0x00007f33a582d000,0x00007f33a592e000)]
  0x00007f33a00b3800 JavaThread "Signal Dispatcher" daemon [_thread_blocked, id=19585, stack(0x00007f33a592e000,0x00007f33a5a2f000)]
  0x00007f33a0089800 JavaThread "Finalizer" daemon [_thread_blocked, id=19584, stack(0x00007f33a5a2f000,0x00007f33a5b30000)]
  0x00007f33a0085000 JavaThread "Reference Handler" daemon [_thread_blocked, id=19583, stack(0x00007f33a5b30000,0x00007f33a5c31000)]
  0x00007f33a0009000 JavaThread "main" [_thread_blocked, id=19581, stack(0x00007f33a9aa0000,0x00007f33a9ba1000)]

Other Threads:
=>0x00007f33a007b000 VMThread [stack: 0x00007f33a5c31000,0x00007f33a5d32000] [id=19582]
  0x00007f33a00c8000 WatcherThread [stack: 0x00007f33a552a000,0x00007f33a562b000] [id=19589]

VM state:at safepoint (normal execution)

VM Mutex/Monitor currently owned by a thread:  ([mutex/lock_event])
[0x00007f33a00066a0] Threads_lock - owner thread: 0x00007f33a007b000
[0x00007f33a0006ba0] Heap_lock - owner thread: 0x00007f33a0009000

Heap:
 def new generation   total 35712K, used 0K [0x00000000f0800000, 0x00000000f2ec0000, 0x00000000f5aa0000)
  eden space 31744K,   0% used [0x00000000f0800000, 0x00000000f0800000, 0x00000000f2700000)
  from space 3968K,   0% used [0x00000000f2ae0000, 0x00000000f2ae0000, 0x00000000f2ec0000)
  to   space 3968K,   0% used [0x00000000f2700000, 0x00000000f2700000, 0x00000000f2ae0000)
 tenured generation   total 79424K, used 53862K [0x00000000f5aa0000, 0x00000000fa830000, 0x0000000100000000)
   the space 79424K,  67% used [0x00000000f5aa0000, 0x00000000f8f39bf0, 0x00000000f8f39c00, 0x00000000fa830000)
 Metaspace       used 29094K, capacity 29826K, committed 30080K, reserved 1075200K
  class space    used 3161K, capacity 3416K, committed 3456K, reserved 1048576K

Card table byte_map: [0x00007f33a9a1b000,0x00007f33a9a98000] byte_map_base: 0x00007f33a9297000

Polling page: 0x00007f33a9bac000

CodeCache: size=245760Kb used=19247Kb max_used=19301Kb free=226512Kb
 bounds [0x00007f3391000000, 0x00007f33922f0000, 0x00007f33a0000000]
 total_blobs=5934 nmethods=5539 adapters=309
 compilation: enabled

Compilation events (10 events):
Event: 65.196 Thread 0x00007f33a00c2800 6668       3       java.io.OutputStreamWriter::write (11 bytes)
Event: 65.197 Thread 0x00007f33a00c2800 nmethod 6668 0x00007f339122bc50 code [0x00007f339122bdc0, 0x00007f339122bf60]
Event: 65.197 Thread 0x00007f33a00c2800 6669   !   3       sun.nio.cs.StreamEncoder::flushBuffer (42 bytes)
Event: 65.197 Thread 0x00007f33a00c2800 nmethod 6669 0x00007f3391125410 code [0x00007f33911255c0, 0x00007f3391125b50]
Event: 65.198 Thread 0x00007f33a00c2800 6670   !   3       java.io.PrintStream::write (69 bytes)
Event: 65.198 Thread 0x00007f33a00c2800 nmethod 6670 0x00007f33922e5e90 code [0x00007f33922e6060, 0x00007f33922e67d0]
Event: 65.198 Thread 0x00007f33a00c2800 6671  s    3       java.io.BufferedOutputStream::write (67 bytes)
Event: 65.199 Thread 0x00007f33a00c2800 nmethod 6671 0x00007f3391546a50 code [0x00007f3391546c20, 0x00007f3391547450]
Event: 65.658 Thread 0x00007f33a00c2800 6672   !   3       java.nio.charset.CharsetEncoder::encode (285 bytes)
Event: 65.660 Thread 0x00007f33a00c2800 nmethod 6672 0x00007f33914e2350 code [0x00007f33914e2620, 0x00007f33914e3bc8]

GC Heap History (10 events):
Event: 64.467 GC heap after
Heap after GC invocations=287 (full 6):
 def new generation   total 35712K, used 380K [0x00000000f0800000, 0x00000000f2ec0000, 0x00000000f5aa0000)
  eden space 31744K,   0% used [0x00000000f0800000, 0x00000000f0800000, 0x00000000f2700000)
  from space 3968K,   9% used [0x00000000f2700000, 0x00000000f275f0b0, 0x00000000f2ae0000)
  to   space 3968K,   0% used [0x00000000f2ae0000, 0x00000000f2ae0000, 0x00000000f2ec0000)
 tenured generation   total 79232K, used 77931K [0x00000000f5aa0000, 0x00000000fa800000, 0x0000000100000000)
   the space 79232K,  98% used [0x00000000f5aa0000, 0x00000000fa6baf50, 0x00000000fa6bb000, 0x00000000fa800000)
 Metaspace       used 29094K, capacity 29826K, committed 30080K, reserved 1075200K
  class space    used 3161K, capacity 3416K, committed 3456K, reserved 1048576K
}
Event: 64.711 GC heap before
{Heap before GC invocations=287 (full 6):
 def new generation   total 35712K, used 32124K [0x00000000f0800000, 0x00000000f2ec0000, 0x00000000f5aa0000)
  eden space 31744K, 100% used [0x00000000f0800000, 0x00000000f2700000, 0x00000000f2700000)
  from space 3968K,   9% used [0x00000000f2700000, 0x00000000f275f0b0, 0x00000000f2ae0000)
  to   space 3968K,   0% used [0x00000000f2ae0000, 0x00000000f2ae0000, 0x00000000f2ec0000)
 tenured generation   total 79232K, used 77931K [0x00000000f5aa0000, 0x00000000fa800000, 0x0000000100000000)
   the space 79232K,  98% used [0x00000000f5aa0000, 0x00000000fa6baf50, 0x00000000fa6bb000, 0x00000000fa800000)
 Metaspace       used 29094K, capacity 29826K, committed 30080K, reserved 1075200K
  class space    used 3161K, capacity 3416K, committed 3456K, reserved 1048576K
Event: 64.716 GC heap after
Heap after GC invocations=288 (full 6):
 def new generation   total 35712K, used 3754K [0x00000000f0800000, 0x00000000f2ec0000, 0x00000000f5aa0000)
  eden space 31744K,   0% used [0x00000000f0800000, 0x00000000f0800000, 0x00000000f2700000)
  from space 3968K,  94% used [0x00000000f2ae0000, 0x00000000f2e8a9e8, 0x00000000f2ec0000)
  to   space 3968K,   0% used [0x00000000f2700000, 0x00000000f2700000, 0x00000000f2ae0000)
 tenured generation   total 79232K, used 77931K [0x00000000f5aa0000, 0x00000000fa800000, 0x0000000100000000)
   the space 79232K,  98% used [0x00000000f5aa0000, 0x00000000fa6baf50, 0x00000000fa6bb000, 0x00000000fa800000)
 Metaspace       used 29094K, capacity 29826K, committed 30080K, reserved 1075200K
  class space    used 3161K, capacity 3416K, committed 3456K, reserved 1048576K
}
Event: 64.855 GC heap before
{Heap before GC invocations=288 (full 6):
 def new generation   total 35712K, used 35498K [0x00000000f0800000, 0x00000000f2ec0000, 0x00000000f5aa0000)
  eden space 31744K, 100% used [0x00000000f0800000, 0x00000000f2700000, 0x00000000f2700000)
  from space 3968K,  94% used [0x00000000f2ae0000, 0x00000000f2e8a9e8, 0x00000000f2ec0000)
  to   space 3968K,   0% used [0x00000000f2700000, 0x00000000f2700000, 0x00000000f2ae0000)
 tenured generation   total 79232K, used 77931K [0x00000000f5aa0000, 0x00000000fa800000, 0x0000000100000000)
   the space 79232K,  98% used [0x00000000f5aa0000, 0x00000000fa6baf50, 0x00000000fa6bb000, 0x00000000fa800000)
 Metaspace       used 29094K, capacity 29826K, committed 30080K, reserved 1075200K
  class space    used 3161K, capacity 3416K, committed 3456K, reserved 1048576K
Event: 64.861 GC heap after
Heap after GC invocations=289 (full 6):
 def new generation   total 35712K, used 2517K [0x00000000f0800000, 0x00000000f2ec0000, 0x00000000f5aa0000)
  eden space 31744K,   0% used [0x00000000f0800000, 0x00000000f0800000, 0x00000000f2700000)
  from space 3968K,  63% used [0x00000000f2700000, 0x00000000f2975790, 0x00000000f2ae0000)
  to   space 3968K,   0% used [0x00000000f2ae0000, 0x00000000f2ae0000, 0x00000000f2ec0000)
 tenured generation   total 79232K, used 78337K [0x00000000f5aa0000, 0x00000000fa800000, 0x0000000100000000)
   the space 79232K,  98% used [0x00000000f5aa0000, 0x00000000fa720490, 0x00000000fa720600, 0x00000000fa800000)
 Metaspace       used 29094K, capacity 29826K, committed 30080K, reserved 1075200K
  class space    used 3161K, capacity 3416K, committed 3456K, reserved 1048576K
}
Event: 65.179 GC heap before
{Heap before GC invocations=289 (full 6):
 def new generation   total 35712K, used 34261K [0x00000000f0800000, 0x00000000f2ec0000, 0x00000000f5aa0000)
  eden space 31744K, 100% used [0x00000000f0800000, 0x00000000f2700000, 0x00000000f2700000)
  from space 3968K,  63% used [0x00000000f2700000, 0x00000000f2975790, 0x00000000f2ae0000)
  to   space 3968K,   0% used [0x00000000f2ae0000, 0x00000000f2ae0000, 0x00000000f2ec0000)
 tenured generation   total 79232K, used 78337K [0x00000000f5aa0000, 0x00000000fa800000, 0x0000000100000000)
   the space 79232K,  98% used [0x00000000f5aa0000, 0x00000000fa720490, 0x00000000fa720600, 0x00000000fa800000)
 Metaspace       used 29094K, capacity 29826K, committed 30080K, reserved 1075200K
  class space    used 3161K, capacity 3416K, committed 3456K, reserved 1048576K
Event: 65.184 GC heap after
Heap after GC invocations=290 (full 6):
 def new generation   total 35712K, used 2749K [0x00000000f0800000, 0x00000000f2ec0000, 0x00000000f5aa0000)
  eden space 31744K,   0% used [0x00000000f0800000, 0x00000000f0800000, 0x00000000f2700000)
  from space 3968K,  69% used [0x00000000f2ae0000, 0x00000000f2d8f460, 0x00000000f2ec0000)
  to   space 3968K,   0% used [0x00000000f2700000, 0x00000000f2700000, 0x00000000f2ae0000)
 tenured generation   total 79232K, used 78678K [0x00000000f5aa0000, 0x00000000fa800000, 0x0000000100000000)
   the space 79232K,  99% used [0x00000000f5aa0000, 0x00000000fa775910, 0x00000000fa775a00, 0x00000000fa800000)
 Metaspace       used 29094K, capacity 29826K, committed 30080K, reserved 1075200K
  class space    used 3161K, capacity 3416K, committed 3456K, reserved 1048576K
}
Event: 65.686 GC heap before
{Heap before GC invocations=290 (full 6):
 def new generation   total 35712K, used 34493K [0x00000000f0800000, 0x00000000f2ec0000, 0x00000000f5aa0000)
  eden space 31744K, 100% used [0x00000000f0800000, 0x00000000f2700000, 0x00000000f2700000)
  from space 3968K,  69% used [0x00000000f2ae0000, 0x00000000f2d8f460, 0x00000000f2ec0000)
  to   space 3968K,   0% used [0x00000000f2700000, 0x00000000f2700000, 0x00000000f2ae0000)
 tenured generation   total 79232K, used 78678K [0x00000000f5aa0000, 0x00000000fa800000, 0x0000000100000000)
   the space 79232K,  99% used [0x00000000f5aa0000, 0x00000000fa775910, 0x00000000fa775a00, 0x00000000fa800000)
 Metaspace       used 29094K, capacity 29826K, committed 30080K, reserved 1075200K
  class space    used 3161K, capacity 3416K, committed 3456K, reserved 1048576K
Event: 65.690 GC heap after
Heap after GC invocations=291 (full 6):
 def new generation   total 35712K, used 2044K [0x00000000f0800000, 0x00000000f2ec0000, 0x00000000f5aa0000)
  eden space 31744K,   0% used [0x00000000f0800000, 0x00000000f0800000, 0x00000000f2700000)
  from space 3968K,  51% used [0x00000000f2700000, 0x00000000f28ff168, 0x00000000f2ae0000)
  to   space 3968K,   0% used [0x00000000f2ae0000, 0x00000000f2ae0000, 0x00000000f2ec0000)
 tenured generation   total 79232K, used 78917K [0x00000000f5aa0000, 0x00000000fa800000, 0x0000000100000000)
   the space 79232K,  99% used [0x00000000f5aa0000, 0x00000000fa7b1698, 0x00000000fa7b1800, 0x00000000fa800000)
 Metaspace       used 29094K, capacity 29826K, committed 30080K, reserved 1075200K
  class space    used 3161K, capacity 3416K, committed 3456K, reserved 1048576K
}
Event: 66.012 GC heap before
{Heap before GC invocations=291 (full 6):
 def new generation   total 35712K, used 33788K [0x00000000f0800000, 0x00000000f2ec0000, 0x00000000f5aa0000)
  eden space 31744K, 100% used [0x00000000f0800000, 0x00000000f2700000, 0x00000000f2700000)
  from space 3968K,  51% used [0x00000000f2700000, 0x00000000f28ff168, 0x00000000f2ae0000)
  to   space 3968K,   0% used [0x00000000f2ae0000, 0x00000000f2ae0000, 0x00000000f2ec0000)
 tenured generation   total 79232K, used 78917K [0x00000000f5aa0000, 0x00000000fa800000, 0x0000000100000000)
   the space 79232K,  99% used [0x00000000f5aa0000, 0x00000000fa7b1698, 0x00000000fa7b1800, 0x00000000fa800000)
 Metaspace       used 29094K, capacity 29826K, committed 30080K, reserved 1075200K
  class space    used 3161K, capacity 3416K, committed 3456K, reserved 1048576K

Deoptimization events (10 events):
Event: 25.358 Thread 0x00007f33a0009000 Uncommon trap: reason=unstable_if action=reinterpret pc=0x00007f33912259dc method=sun.util.calendar.BaseCalendar$Date.hit(J)Z @ 15
Event: 25.504 Thread 0x00007f33a0009000 Uncommon trap: reason=unstable_if action=reinterpret pc=0x00007f3391fd631c method=sun.util.calendar.BaseCalendar.getFixedDate(IIILsun/util/calendar/BaseCalendar$Date;)J @ 90
Event: 30.488 Thread 0x00007f33a0009000 Uncommon trap: reason=unstable_if action=reinterpret pc=0x00007f33922980a4 method=org.codehaus.plexus.archiver.jar.JarArchiver.zipFile(Ljava/io/InputStream;Lorg/codehaus/plexus/archiver/zip/ZipOutputStream;Ljava/lang/String;JLjava/io/File;I)V @ 39
Event: 33.623 Thread 0x00007f33a0009000 Uncommon trap: reason=unstable_if action=reinterpret pc=0x00007f3391525838 method=java.util.Hashtable.contains(Ljava/lang/Object;)Z @ 24
Event: 33.645 Thread 0x00007f33a0009000 Uncommon trap: reason=unstable_if action=reinterpret pc=0x00007f33919227cc method=java.util.Hashtable.contains(Ljava/lang/Object;)Z @ 24
Event: 33.659 Thread 0x00007f33a0009000 Uncommon trap: reason=unstable_if action=reinterpret pc=0x00007f339192f8b0 method=java.util.Hashtable.contains(Ljava/lang/Object;)Z @ 24
Event: 33.677 Thread 0x00007f33a0009000 Uncommon trap: reason=unstable_if action=reinterpret pc=0x00007f33920418c8 method=java.util.Hashtable.contains(Ljava/lang/Object;)Z @ 24
Event: 35.210 Thread 0x00007f33a0009000 Uncommon trap: reason=unstable_if action=reinterpret pc=0x00007f3391fdb864 method=sun.util.calendar.BaseCalendar$Date.hit(J)Z @ 6
Event: 35.210 Thread 0x00007f33a0009000 Uncommon trap: reason=unstable_if action=reinterpret pc=0x00007f33919339c4 method=sun.util.calendar.BaseCalendar$Date.hit(J)Z @ 6
Event: 64.195 Thread 0x00007f33a0009000 Uncommon trap: reason=unstable_if action=reinterpret pc=0x00007f3391912198 method=java.io.ExpiringCache.entryFor(Ljava/lang/String;)Ljava/io/ExpiringCache$Entry; @ 39

Internal exceptions (10 events):
Event: 10.463 Thread 0x00007f33a0009000 Exception <a 'java/security/PrivilegedActionException'> (0x00000000f0c4c408) thrown at [/builddir/build/BUILD/java-1.8.0-openjdk-1.8.0.91-0.b14.el7_2.x86_64/openjdk/hotspot/src/share/vm/prims/jvm.cpp, line 1396]
Event: 10.463 Thread 0x00007f33a0009000 Exception <a 'java/security/PrivilegedActionException'> (0x00000000f0c4c800) thrown at [/builddir/build/BUILD/java-1.8.0-openjdk-1.8.0.91-0.b14.el7_2.x86_64/openjdk/hotspot/src/share/vm/prims/jvm.cpp, line 1396]
Event: 10.463 Thread 0x00007f33a0009000 Exception <a 'java/security/PrivilegedActionException'> (0x00000000f0c4db40) thrown at [/builddir/build/BUILD/java-1.8.0-openjdk-1.8.0.91-0.b14.el7_2.x86_64/openjdk/hotspot/src/share/vm/prims/jvm.cpp, line 1396]
Event: 10.463 Thread 0x00007f33a0009000 Exception <a 'java/security/PrivilegedActionException'> (0x00000000f0c4df38) thrown at [/builddir/build/BUILD/java-1.8.0-openjdk-1.8.0.91-0.b14.el7_2.x86_64/openjdk/hotspot/src/share/vm/prims/jvm.cpp, line 1396]
Event: 13.361 Thread 0x00007f33a0009000 Implicit null exception at 0x00007f3391f1bc2e to 0x00007f3391f1e125
Event: 14.423 Thread 0x00007f33a0009000 Exception <a 'java/lang/NoSuchFieldError': method resolution failed> (0x00000000f11bbfe8) thrown at [/builddir/build/BUILD/java-1.8.0-openjdk-1.8.0.91-0.b14.el7_2.x86_64/openjdk/hotspot/src/share/vm/prims/methodHandles.cpp, line 1146]
Event: 14.425 Thread 0x00007f33a0009000 Exception <a 'java/lang/NoSuchFieldError': method resolution failed> (0x00000000f11c96a8) thrown at [/builddir/build/BUILD/java-1.8.0-openjdk-1.8.0.91-0.b14.el7_2.x86_64/openjdk/hotspot/src/share/vm/prims/methodHandles.cpp, line 1146]
Event: 14.531 Thread 0x00007f33a0009000 Implicit null exception at 0x00007f3391204f6f to 0x00007f33912054a9
Event: 14.742 Thread 0x00007f33a0009000 Implicit null exception at 0x00007f339122e0fc to 0x00007f339122ea71
Event: 20.971 Thread 0x00007f33a0009000 Implicit null exception at 0x00007f33911a89b9 to 0x00007f33911a93c1

Events (10 events):
Event: 65.197 Thread 0x00007f33a00c2800 flushing nmethod 0x00007f33915464d0
Event: 65.198 Thread 0x00007f33a00c2800 flushing nmethod 0x00007f3391594450
Event: 65.198 Thread 0x00007f33a00c2800 flushing nmethod 0x00007f33915ca890
Event: 65.198 Thread 0x00007f33a00c2800 flushing nmethod 0x00007f33915cd110
Event: 65.198 Thread 0x00007f33a00c2800 flushing nmethod 0x00007f33915cde90
Event: 65.198 Thread 0x00007f33a00c2800 flushing nmethod 0x00007f3391648ed0
Event: 65.660 Thread 0x00007f33a00c2800 flushing nmethod 0x00007f33918bcbd0
Event: 65.686 Executing VM operation: GenCollectForAllocation
Event: 65.690 Executing VM operation: GenCollectForAllocation done
Event: 66.011 Executing VM operation: GenCollectForAllocation


Dynamic libraries:
00400000-00401000 r-xp 00000000 ca:02 25811540                           /usr/lib/jvm/java-1.8.0-openjdk-1.8.0.91-0.b14.el7_2.x86_64/bin/java
00600000-00601000 r--p 00000000 ca:02 25811540                           /usr/lib/jvm/java-1.8.0-openjdk-1.8.0.91-0.b14.el7_2.x86_64/bin/java
00601000-00602000 rw-p 00001000 ca:02 25811540                           /usr/lib/jvm/java-1.8.0-openjdk-1.8.0.91-0.b14.el7_2.x86_64/bin/java
011ef000-01210000 rw-p 00000000 00:00 0                                  [heap]
f0800000-f2ec0000 rw-p 00000000 00:00 0 
f2ec0000-f5aa0000 ---p 00000000 00:00 0 
f5aa0000-fa830000 rw-p 00000000 00:00 0 
fb24b000-100000000 ---p 00000000 00:00 0 
100000000-100360000 rw-p 00000000 00:00 0 
100360000-140000000 ---p 00000000 00:00 0 
7f3368000000-7f3368021000 rw-p 00000000 00:00 0 
7f3368021000-7f336c000000 ---p 00000000 00:00 0 
7f3370000000-7f3372234000 rw-p 00000000 00:00 0 
7f3372234000-7f3374000000 ---p 00000000 00:00 0 
7f3374000000-7f33750fc000 rw-p 00000000 00:00 0 
7f33750fc000-7f3378000000 ---p 00000000 00:00 0 
7f3378000000-7f3378021000 rw-p 00000000 00:00 0 
7f3378021000-7f337c000000 ---p 00000000 00:00 0 
7f337dad9000-7f3384000000 r--p 00000000 ca:02 31158                      /usr/lib/locale/locale-archive
7f3384000000-7f3384021000 rw-p 00000000 00:00 0 
7f3384021000-7f3388000000 ---p 00000000 00:00 0 
7f3388000000-7f3388021000 rw-p 00000000 00:00 0 
7f3388021000-7f338c000000 ---p 00000000 00:00 0 
7f338c000000-7f338c1ac000 rw-p 00000000 00:00 0 
7f338c1ac000-7f3390000000 ---p 00000000 00:00 0 
7f33901f9000-7f33901fa000 rw-p 00000000 00:00 0 
7f33901fa000-7f33901fc000 r--s 00008000 ca:02 67116475                   /home/ec2-user/.m2/repository/com/fasterxml/jackson/core/jackson-annotations/2.5.4/jackson-annotations-2.5.4.jar
7f33901fc000-7f339020e000 r--s 00106000 ca:02 5125617                    /home/ec2-user/.m2/repository/com/fasterxml/jackson/core/jackson-databind/2.5.4/jackson-databind-2.5.4.jar
7f339020e000-7f3390212000 r--s 00035000 ca:02 109060279                  /home/ec2-user/.m2/repository/com/fasterxml/jackson/core/jackson-core/2.5.4/jackson-core-2.5.4.jar
7f3390212000-7f3390214000 r--s 00006000 ca:02 67116473                   /home/ec2-user/.m2/repository/com/fasterxml/jackson/jaxrs/jackson-jaxrs-base/2.5.4/jackson-jaxrs-base-2.5.4.jar
7f3390214000-7f3390217000 r--s 0000f000 ca:02 26520912                   /home/ec2-user/.m2/repository/org/glassfish/jersey/ext/jersey-entity-filtering/2.23/jersey-entity-filtering-2.23.jar
7f3390217000-7f3390219000 r--s 00004000 ca:02 5125615                    /home/ec2-user/.m2/repository/org/glassfish/jersey/media/jersey-media-json-jackson/2.23/jersey-media-json-jackson-2.23.jar
7f3390219000-7f339021d000 r--s 0000c000 ca:02 100671831                  /home/ec2-user/.m2/repository/javax/validation/validation-api/1.1.0.Final/validation-api-1.1.0.Final.jar
7f339021d000-7f339021f000 r--s 00010000 ca:02 58795324                   /home/ec2-user/.m2/repository/org/glassfish/jersey/media/jersey-media-jaxb/2.23/jersey-media-jaxb-2.23.jar
7f339021f000-7f3390224000 r--s 00025000 ca:02 34055302                   /home/ec2-user/.m2/repository/org/glassfish/jersey/core/jersey-client/2.23/jersey-client-2.23.jar
7f3390224000-7f339023a000 r--s 000d3000 ca:02 18513348                   /home/ec2-user/.m2/repository/org/glassfish/jersey/core/jersey-server/2.23/jersey-server-2.23.jar
7f339023a000-7f339023b000 r--s 00004000 ca:02 5125610                    /home/ec2-user/.m2/repository/org/glassfish/hk2/osgi-resource-locator/1.0.1/osgi-resource-locator-1.0.1.jar
7f339023b000-7f3390245000 r--s 000a5000 ca:02 100671829                  /home/ec2-user/.m2/repository/org/javassist/javassist/3.18.1-GA/javassist-3.18.1-GA.jar
7f3390245000-7f3390249000 r--s 00029000 ca:02 75531301                   /home/ec2-user/.m2/repository/org/glassfish/hk2/hk2-locator/2.4.0-b34/hk2-locator-2.4.0-b34.jar
7f3390249000-7f339024b000 r--s 00002000 ca:02 58795322                   /home/ec2-user/.m2/repository/org/glassfish/hk2/external/aopalliance-repackaged/2.4.0-b34/aopalliance-repackaged-2.4.0-b34.jar
7f339024b000-7f339024f000 r--s 0001a000 ca:02 43057271                   /home/ec2-user/.m2/repository/org/glassfish/hk2/hk2-utils/2.4.0-b34/hk2-utils-2.4.0-b34.jar
7f339024f000-7f3390254000 r--s 00027000 ca:02 26520910                   /home/ec2-user/.m2/repository/org/glassfish/hk2/hk2-api/2.4.0-b34/hk2-api-2.4.0-b34.jar
7f3390254000-7f339026c000 r--s 000d6000 ca:02 92283105                   /home/ec2-user/.m2/repository/org/glassfish/jersey/bundles/repackaged/jersey-guava/2.23/jersey-guava-2.23.jar
7f339026c000-7f339026e000 r--s 00005000 ca:02 58795320                   /home/ec2-user/.m2/repository/javax/annotation/javax.annotation-api/1.2/javax.annotation-api-1.2.jar
7f339026e000-7f3390272000 r--s 00019000 ca:02 34055304                   /home/ec2-user/.m2/repository/javax/ws/rs/javax.ws.rs-api/2.0.1/javax.ws.rs-api-2.0.1.jar
7f3390272000-7f3390281000 r--s 000a0000 ca:02 5125604                    /home/ec2-user/.m2/repository/org/glassfish/jersey/core/jersey-common/2.23/jersey-common-2.23.jar
7f3390281000-7f3390284000 r--s 0000e000 ca:02 43057269                   /home/ec2-user/.m2/repository/org/glassfish/jersey/containers/jersey-container-servlet-core/2.23/jersey-container-servlet-core-2.23.jar
7f3390284000-7f3390286000 r--s 00003000 ca:02 67116469                   /home/ec2-user/.m2/repository/org/glassfish/jersey/containers/jersey-container-servlet/2.23/jersey-container-servlet-2.23.jar
7f3390286000-7f3390288000 r--s 00009000 ca:02 5125578                    /home/ec2-user/.m2/repository/org/hamcrest/hamcrest-core/1.3/hamcrest-core-1.3.jar
7f3390288000-7f3390290000 r--s 00045000 ca:02 92281918                   /home/ec2-user/.m2/repository/junit/junit/4.12/junit-4.12.jar
7f3390290000-7f3390293000 r--s 16897000 ca:02 51322957                   /home/ec2-user/.m2/repository/edu/stanford/nlp/stanford-corenlp/3.6.0/stanford-corenlp-3.6.0-models.jar
7f3390293000-7f3390298000 r--s 00045000 ca:02 50631211                   /home/ec2-user/.m2/repository/com/googlecode/efficient-java-matrix-library/ejml/0.23/ejml-0.23.jar
7f3390298000-7f339029c000 r--s 00015000 ca:02 26227773                   /home/ec2-user/.m2/repository/javax/xml/bind/jaxb-api/2.2.7/jaxb-api-2.2.7.jar
7f339029c000-7f33902ac000 r--s 00089000 ca:02 92274833                   /home/ec2-user/.m2/repository/joda-time/joda-time/2.9/joda-time-2.9.jar
7f33902ac000-7f3390444000 r--s 011b7000 ca:02 42952309                   /home/ec2-user/.m2/repository/org/apache/storm/storm-core/1.0.2/storm-core-1.0.2.jar
7f3390444000-7f3390447000 ---p 00000000 00:00 0 
7f3390447000-7f3390545000 rw-p 00000000 00:00 0 
7f3390545000-7f3390548000 ---p 00000000 00:00 0 
7f3390548000-7f3390646000 rw-p 00000000 00:00 0 
7f3390646000-7f3390649000 ---p 00000000 00:00 0 
7f3390649000-7f3390747000 rw-p 00000000 00:00 0                          [stack:19596]
7f3390747000-7f339074a000 ---p 00000000 00:00 0 
7f339074a000-7f3390848000 rw-p 00000000 00:00 0                          [stack:19595]
7f3390848000-7f339084b000 ---p 00000000 00:00 0 
7f339084b000-7f3390949000 rw-p 00000000 00:00 0                          [stack:19594]
7f3390949000-7f339094c000 ---p 00000000 00:00 0 
7f339094c000-7f3390c4a000 rw-p 00000000 00:00 0                          [stack:19593]
7f3390c4a000-7f3390e4a000 rw-p 00000000 00:00 0 
7f3390e4a000-7f3390e4b000 r--s 00001000 ca:02 67116472                   /home/ec2-user/.m2/repository/org/glassfish/hk2/external/javax.inject/2.4.0-b34/javax.inject-2.4.0-b34.jar
7f3390e4b000-7f3390e50000 r--s 0002d000 ca:02 9556277                    /home/ec2-user/.m2/repository/de/jollyday/jollyday/0.4.7/jollyday-0.4.7.jar
7f3390e50000-7f3390e6e000 r--s 0027d000 ca:02 50631186                   /home/ec2-user/.m2/repository/xalan/xalan/2.7.0/xalan-2.7.0.jar
7f3390e6e000-7f3390e85000 r--s 00110000 ca:02 26227765                   /home/ec2-user/.m2/repository/xerces/xercesImpl/2.8.0/xercesImpl-2.8.0.jar
7f3390e85000-7f3390e8d000 r--s 00028000 ca:02 109052052                  /home/ec2-user/.m2/repository/xml-apis/xml-apis/1.3.03/xml-apis-1.3.03.jar
7f3390e8d000-7f3390e94000 r--s 00046000 ca:02 83886225                   /home/ec2-user/.m2/repository/com/io7m/xom/xom/1.2.10/xom-1.2.10.jar
7f3390e94000-7f3390ee2000 r--s 006a2000 ca:02 51322955                   /home/ec2-user/.m2/repository/edu/stanford/nlp/stanford-corenlp/3.6.0/stanford-corenlp-3.6.0.jar
7f3390ee2000-7f3390ee7000 r--s 00040000 ca:02 50743331                   /home/ec2-user/.m2/repository/commons-lang/commons-lang/2.5/commons-lang-2.5.jar
7f3390ee7000-7f3390eff000 r--s 00110000 ca:02 33634066                   /home/ec2-user/.m2/repository/io/netty/netty/3.7.0.Final/netty-3.7.0.Final.jar
7f3390eff000-7f3390f02000 ---p 00000000 00:00 0 
7f3390f02000-7f3391000000 rw-p 00000000 00:00 0                          [stack:19592]
7f3391000000-7f33922f0000 rwxp 00000000 00:00 0 
7f33922f0000-7f33a0000000 ---p 00000000 00:00 0 
7f33a0000000-7f33a10c4000 rw-p 00000000 00:00 0 
7f33a10c4000-7f33a4000000 ---p 00000000 00:00 0 
7f33a4000000-7f33a4001000 r--s 00004000 ca:02 75497614                   /home/ec2-user/.m2/repository/javax/json/javax.json-api/1.0/javax.json-api-1.0.jar
7f33a4001000-7f33a4003000 r--s 006c8000 ca:02 84150143                   /home/ec2-user/.m2/repository/diploma/text-clustering/0.1.0/text-clustering-0.1.0.jar
7f33a4003000-7f33a4004000 r--s 00003000 ca:02 42644553                   /home/ec2-user/.m2/repository/com/googlecode/json-simple/json-simple/1.1/json-simple-1.1.jar
7f33a4004000-7f33a4006000 r--s 0008f000 ca:02 50770571                   /home/ec2-user/.m2/repository/org/xerial/snappy/snappy-java/1.1.1.6/snappy-java-1.1.1.6.jar
7f33a4006000-7f33a4008000 r--s 00027000 ca:02 25798818                   /home/ec2-user/.m2/repository/net/jpountz/lz4/lz4/1.2.0/lz4-1.2.0.jar
7f33a4008000-7f33a400f000 r--s 00049000 ca:02 42757356                   /home/ec2-user/.m2/repository/org/apache/kafka/kafka-clients/0.8.2.1/kafka-clients-0.8.2.1.jar
7f33a400f000-7f33a4011000 r--s 00014000 ca:02 4887165                    /home/ec2-user/.m2/repository/jline/jline/0.9.94/jline-0.9.94.jar
7f33a4011000-7f33a401d000 r--s 000b6000 ca:02 18438627                   /home/ec2-user/.m2/repository/org/apache/zookeeper/zookeeper/3.4.6/zookeeper-3.4.6.jar
7f33a401d000-7f33a401f000 r--s 00010000 ca:02 50743329                   /home/ec2-user/.m2/repository/org/apache/curator/curator-client/2.10.0/curator-client-2.10.0.jar
7f33a401f000-7f33a4025000 r--s 0002a000 ca:02 8920221                    /home/ec2-user/.m2/repository/org/apache/curator/curator-framework/2.10.0/curator-framework-2.10.0.jar
7f33a4025000-7f33a4029000 r--s 0002f000 ca:02 8918141                    /home/ec2-user/.m2/repository/commons-io/commons-io/2.5/commons-io-2.5.jar
7f33a4029000-7f33a402c000 r--s 00016000 ca:02 4943042                    /home/ec2-user/.m2/repository/org/apache/storm/storm-kafka/1.0.2/storm-kafka-1.0.2.jar
7f33a402c000-7f33a402e000 r--s 00018000 ca:02 33630503                   /home/ec2-user/.m2/repository/javax/servlet/servlet-api/2.5/servlet-api-2.5.jar
7f33a402e000-7f33a4030000 r--s 00004000 ca:02 18413881                   /home/ec2-user/.m2/repository/org/apache/logging/log4j/log4j-slf4j-impl/2.1/log4j-slf4j-impl-2.1.jar
7f33a4030000-7f33a4042000 r--s 000b8000 ca:02 4887141                    /home/ec2-user/.m2/repository/org/apache/logging/log4j/log4j-core/2.1/log4j-core-2.1.jar
7f33a4042000-7f33a4045000 r--s 0001e000 ca:02 18413879                   /home/ec2-user/.m2/repository/org/apache/logging/log4j/log4j-api/2.1/log4j-api-2.1.jar
7f33a4045000-7f33a4048000 r--s 00011000 ca:02 42644546                   /home/ec2-user/.m2/repository/com/lmax/disruptor/3.3.2/disruptor-3.3.2.jar
7f33a4048000-7f33a4089000 r--s 00368000 ca:02 18413878                   /home/ec2-user/.m2/repository/org/clojure/clojure/1.7.0/clojure-1.7.0.jar
7f33a4089000-7f33a408b000 r--s 00009000 ca:02 33630504                   /home/ec2-user/.m2/repository/org/objenesis/objenesis/2.1/objenesis-2.1.jar
7f33a408b000-7f33a408c000 r--s 00001000 ca:02 8920219                    /home/ec2-user/.m2/repository/com/esotericsoftware/minlog/1.3.0/minlog-1.3.0.jar
7f33a408c000-7f33a408d000 r--s 0000c000 ca:02 18413875                   /home/ec2-user/.m2/repository/org/ow2/asm/asm/5.0.3/asm-5.0.3.jar
7f33a408d000-7f33a408f000 r--s 00004000 ca:02 42644544                   /home/ec2-user/.m2/repository/com/esotericsoftware/reflectasm/1.10.1/reflectasm-1.10.1.jar
7f33a408f000-7f33a4095000 r--s 00040000 ca:02 33630502                   /home/ec2-user/.m2/repository/com/esotericsoftware/kryo/3.0.3/kryo-3.0.3.jar
7f33a4095000-7f33a409a000 r--s 00045000 ca:02 75497622                   /home/ec2-user/.m2/repository/org/twitter4j/twitter4j-core/4.0.5/twitter4j-core-4.0.5.jar
7f33a409a000-7f33a409d000 r--s 00006000 ca:02 42726529                   /home/ec2-user/.m2/repository/com/google/code/findbugs/jsr305/1.3.9/jsr305-1.3.9.jar
7f33a409d000-7f33a40a0000 r--s 0000d000 ca:02 9183026                    /home/ec2-user/.m2/repository/com/twitter/joauth/6.0.2/joauth-6.0.2.jar
7f33a40a0000-7f33a40cc000 r--s 00208000 ca:02 26520908                   /home/ec2-user/.m2/repository/com/google/guava/guava/19.0/guava-19.0.jar
7f33a40cc000-7f33a40d2000 r--s 00033000 ca:02 33696408                   /home/ec2-user/.m2/repository/commons-codec/commons-codec/1.6/commons-codec-1.6.jar
7f33a40d2000-7f33a40d4000 r--s 0000d000 ca:02 18475506                   /home/ec2-user/.m2/repository/commons-logging/commons-logging/1.1.1/commons-logging-1.1.1.jar
7f33a40d4000-7f33a40da000 r--s 00032000 ca:02 33696406                   /home/ec2-user/.m2/repository/org/apache/httpcomponents/httpcore/4.2.4/httpcore-4.2.4.jar
7f33a40da000-7f33a40e3000 r--s 00061000 ca:02 42775449                   /home/ec2-user/.m2/repository/org/apache/httpcomponents/httpclient/4.2.5/httpclient-4.2.5.jar
7f33a40e3000-7f33a40e6000 r--s 0000e000 ca:02 902958                     /home/ec2-user/.m2/repository/com/twitter/hbc-core/2.2.0/hbc-core-2.2.0.jar
7f33a40e6000-7f33a40ef000 r--s 0006f000 ca:02 8926119                    /home/ec2-user/.m2/repository/log4j/log4j/1.2.17/log4j-1.2.17.jar
7f33a40ef000-7f33a40f0000 r--s 00002000 ca:02 42726534                   /home/ec2-user/.m2/repository/org/slf4j/slf4j-log4j12/1.7.21/slf4j-log4j12-1.7.21.jar
7f33a40f0000-7f33a40f2000 r--s 00009000 ca:02 4945060                    /home/ec2-user/.m2/repository/org/slf4j/slf4j-api/1.7.21/slf4j-api-1.7.21.jar
7f33a40f2000-7f33a40f5000 ---p 00000000 00:00 0 
7f33a40f5000-7f33a412b000 rw-p 00000000 00:00 0                          [stack:19591]
7f33a412b000-7f33a412c000 r--p 00000000 00:00 0 
7f33a412c000-7f33a412d000 r--s 00005000 ca:02 18475488                   /home/ec2-user/.m2/repository/org/apache/maven/shared/maven-repository-builder/1.0-alpha-2/maven-repository-builder-1.0-alpha-2.jar
7f33a412d000-7f33a4131000 r--s 00033000 ca:02 902591                     /home/ec2-user/.m2/repository/org/codehaus/plexus/plexus-utils/2.0.1/plexus-utils-2.0.1.jar
7f33a4131000-7f33a4132000 r--s 00004000 ca:02 9183017                    /home/ec2-user/.m2/repository/org/apache/maven/maven-archiver/2.4/maven-archiver-2.4.jar
7f33a4132000-7f33a4134000 r--s 0000a000 ca:02 25835520                   /home/ec2-user/.m2/repository/org/codehaus/plexus/plexus-io/1.0-alpha-4/plexus-io-1.0-alpha-4.jar
7f33a4134000-7f33a4136000 r--s 00004000 ca:02 902590                     /home/ec2-user/.m2/repository/org/codehaus/plexus/plexus-active-collections/1.0-beta-2/plexus-active-collections-1.0-beta-2.jar
7f33a4136000-7f33a4138000 r--s 00007000 ca:02 18475486                   /home/ec2-user/.m2/repository/org/apache/maven/shared/maven-filtering/1.0-beta-2/maven-filtering-1.0-beta-2.jar
7f33a4138000-7f33a413a000 r--s 00008000 ca:02 51164537                   /home/ec2-user/.m2/repository/org/apache/maven/shared/maven-shared-io/1.1/maven-shared-io-1.1.jar
7f33a413a000-7f33a413c000 r--s 00006000 ca:02 42775436                   /home/ec2-user/.m2/repository/org/apache/maven/shared/file-management/1.1/file-management-1.1.jar
7f33a413c000-7f33a4140000 r--s 00028000 ca:02 18475484                   /home/ec2-user/.m2/repository/org/codehaus/plexus/plexus-archiver/1.0-alpha-12/plexus-archiver-1.0-alpha-12.jar
7f33a4140000-7f33a4142000 r--s 0000b000 ca:02 9183012                    /home/ec2-user/.m2/repository/org/codehaus/plexus/plexus-interpolation/1.7/plexus-interpolation-1.7.jar
7f33a4142000-7f33a4143000 r--s 00007000 ca:02 902585                     /home/ec2-user/.m2/repository/org/apache/maven/shared/maven-plugin-testing-harness/1.1/maven-plugin-testing-harness-1.1.jar
7f33a4143000-7f33a4145000 r--s 00006000 ca:02 51164534                   /home/ec2-user/.m2/repository/org/apache/maven/shared/maven-common-artifact-filters/1.1/maven-common-artifact-filters-1.1.jar
7f33a4145000-7f33a4149000 r--s 0002f000 ca:02 25797841                   /home/ec2-user/.m2/repository/org/apache/maven/plugins/maven-assembly-plugin/2.2-beta-5/maven-assembly-plugin-2.2-beta-5.jar
7f33a4149000-7f33a4349000 rw-p 00000000 00:00 0 
7f33a4349000-7f33a434d000 r--s 00034000 ca:02 25835044                   /home/ec2-user/.m2/repository/org/codehaus/plexus/plexus-utils/3.0/plexus-utils-3.0.jar
7f33a434d000-7f33a4351000 r--s 0002f000 ca:02 33696017                   /home/ec2-user/.m2/repository/commons-lang/commons-lang/2.1/commons-lang-2.1.jar
7f33a4351000-7f33a4354000 r--s 0000c000 ca:02 902530                     /home/ec2-user/.m2/repository/org/codehaus/plexus/plexus-io/2.0.2/plexus-io-2.0.2.jar
7f33a4354000-7f33a4359000 r--s 00029000 ca:02 17567980                   /home/ec2-user/.m2/repository/org/codehaus/plexus/plexus-archiver/2.1/plexus-archiver-2.1.jar
7f33a4359000-7f33a435b000 r--s 0000d000 ca:02 25835041                   /home/ec2-user/.m2/repository/org/codehaus/plexus/plexus-interpolation/1.15/plexus-interpolation-1.15.jar
7f33a435b000-7f33a435d000 r--s 00004000 ca:02 902528                     /home/ec2-user/.m2/repository/org/apache/maven/maven-archiver/2.5/maven-archiver-2.5.jar
7f33a435d000-7f33a435f000 r--s 00007000 ca:02 42643282                   /home/ec2-user/.m2/repository/org/apache/maven/plugins/maven-jar-plugin/2.4/maven-jar-plugin-2.4.jar
7f33a435f000-7f33a4361000 r--s 00002000 ca:02 901911                     /home/ec2-user/.m2/repository/org/apache/maven/plugin-tools/maven-plugin-annotations/3.1/maven-plugin-annotations-3.1.jar
7f33a4361000-7f33a4362000 r--s 00002000 ca:02 8955927                    /home/ec2-user/.m2/repository/org/apache/maven/reporting/maven-reporting-api/2.0.9/maven-reporting-api-2.0.9.jar
7f33a4362000-7f33a4366000 r--s 00035000 ca:02 33696003                   /home/ec2-user/.m2/repository/org/codehaus/plexus/plexus-utils/3.0.8/plexus-utils-3.0.8.jar
7f33a4366000-7f33a4368000 r--s 00006000 ca:02 17567968                   /home/ec2-user/.m2/repository/org/apache/maven/shared/maven-common-artifact-filters/1.3/maven-common-artifact-filters-1.3.jar
7f33a4368000-7f33a436e000 r--s 00048000 ca:02 901905                     /home/ec2-user/.m2/repository/org/apache/commons/commons-lang3/3.1/commons-lang3-3.1.jar
7f33a436e000-7f33a4373000 r--s 0003c000 ca:02 33696001                   /home/ec2-user/.m2/repository/org/apache/maven/surefire/maven-surefire-common/2.12.4/maven-surefire-common-2.12.4.jar
7f33a4373000-7f33a4377000 r--s 00019000 ca:02 17567966                   /home/ec2-user/.m2/repository/org/apache/maven/surefire/surefire-api/2.12.4/surefire-api-2.12.4.jar
7f33a4377000-7f33a4379000 r--s 00007000 ca:02 901903                     /home/ec2-user/.m2/repository/org/apache/maven/surefire/surefire-booter/2.12.4/surefire-booter-2.12.4.jar
7f33a4379000-7f33a437a000 r--s 00007000 ca:02 4890881                    /home/ec2-user/.m2/repository/org/apache/maven/plugins/maven-surefire-plugin/2.12.4/maven-surefire-plugin-2.12.4.jar
7f33a437a000-7f33a457a000 rw-p 00000000 00:00 0 
7f33a457a000-7f33a477a000 rw-p 00000000 00:00 0 
7f33a477a000-7f33a47f3000 r--s 012a6000 ca:02 50770562                   /usr/lib/jvm/java-1.8.0-openjdk-1.8.0.91-0.b14.el7_2.x86_64/lib/tools.jar
7f33a47f3000-7f33a47f4000 r--s 00004000 ca:02 42757353                   /home/ec2-user/.m2/repository/org/codehaus/plexus/plexus-compiler-javac/2.7/plexus-compiler-javac-2.7.jar
7f33a47f4000-7f33a47f6000 r--s 00000000 ca:02 25811529                   /home/ec2-user/.m2/repository/org/codehaus/plexus/plexus-compiler-manager/2.7/plexus-compiler-manager-2.7.jar
7f33a47f6000-7f33a47f8000 r--s 00005000 ca:02 4904725                    /home/ec2-user/.m2/repository/org/codehaus/plexus/plexus-compiler-api/2.7/plexus-compiler-api-2.7.jar
7f33a47f8000-7f33a47fa000 r--s 00002000 ca:02 8957170                    /home/ec2-user/.m2/repository/org/apache/maven/shared/maven-shared-incremental/1.1/maven-shared-incremental-1.1.jar
7f33a47fa000-7f33a47fc000 r--s 00006000 ca:02 33690375                   /home/ec2-user/.m2/repository/com/google/code/findbugs/jsr305/2.0.1/jsr305-2.0.1.jar
7f33a47fc000-7f33a4800000 r--s 0002a000 ca:02 18413883                   /home/ec2-user/.m2/repository/commons-io/commons-io/2.4/commons-io-2.4.jar
7f33a4800000-7f33a4803000 r--s 00023000 ca:02 25811528                   /home/ec2-user/.m2/repository/org/apache/maven/shared/maven-shared-utils/3.0.0/maven-shared-utils-3.0.0.jar
7f33a4803000-7f33a4805000 r--s 00002000 ca:02 18451791                   /home/ec2-user/.m2/repository/org/sonatype/plexus/plexus-cipher/1.4/plexus-cipher-1.4.jar
7f33a4805000-7f33a4806000 r--s 00006000 ca:02 33690372                   /home/ec2-user/.m2/repository/org/sonatype/plexus/plexus-sec-dispatcher/1.3/plexus-sec-dispatcher-1.3.jar
7f33a4806000-7f33a4808000 r--s 00000000 ca:02 18451789                   /home/ec2-user/.m2/repository/org/codehaus/plexus/plexus-component-annotations/1.5.5/plexus-component-annotations-1.5.5.jar
7f33a4808000-7f33a480a000 r--s 0000d000 ca:02 8957173                    /home/ec2-user/.m2/repository/org/codehaus/plexus/plexus-interpolation/1.14/plexus-interpolation-1.14.jar
7f33a480a000-7f33a480e000 r--s 00017000 ca:02 4904723                    /home/ec2-user/.m2/repository/org/sonatype/aether/aether-util/1.7/aether-util-1.7.jar
7f33a480e000-7f33a4812000 r--s 00033000 ca:02 4904717                    /home/ec2-user/.m2/repository/org/codehaus/plexus/plexus-utils/2.0.4/plexus-utils-2.0.4.jar
7f33a4812000-7f33a481d000 r--s 00069000 ca:02 25811521                   /home/ec2-user/.m2/repository/org/sonatype/sisu/sisu-guice/2.1.7/sisu-guice-2.1.7-noaop.jar
7f33a481d000-7f33a4822000 r--s 00021000 ca:02 8957169                    /home/ec2-user/.m2/repository/org/sonatype/sisu/sisu-inject-bean/1.4.2/sisu-inject-bean-1.4.2.jar
7f33a4822000-7f33a4824000 r--s 0000b000 ca:02 18373243                   /home/ec2-user/.m2/repository/org/apache/maven/plugins/maven-compiler-plugin/3.5.1/maven-compiler-plugin-3.5.1.jar
7f33a4824000-7f33a4826000 r--s 0000d000 ca:02 8926145                    /home/ec2-user/.m2/repository/org/codehaus/plexus/plexus-interpolation/1.13/plexus-interpolation-1.13.jar
7f33a4826000-7f33a4827000 r--s 00001000 ca:02 4890601                    /home/ec2-user/.m2/repository/org/sonatype/plexus/plexus-build-api/0.0.4/plexus-build-api-0.0.4.jar
7f33a4827000-7f33a4829000 r--s 00009000 ca:02 25805931                   /home/ec2-user/.m2/repository/org/apache/maven/shared/maven-filtering/1.1/maven-filtering-1.1.jar
7f33a4829000-7f33a482d000 r--s 00033000 ca:02 50750399                   /home/ec2-user/.m2/repository/org/codehaus/plexus/plexus-utils/2.0.5/plexus-utils-2.0.5.jar
7f33a482d000-7f33a4830000 r--s 0001b000 ca:02 18438629                   /home/ec2-user/.m2/repository/junit/junit/3.8.1/junit-3.8.1.jar
7f33a4830000-7f33a4832000 r--s 00002000 ca:02 18438678                   /home/ec2-user/.m2/repository/org/codehaus/plexus/plexus-interactivity-api/1.0-alpha-4/plexus-interactivity-api-1.0-alpha-4.jar
7f33a4832000-7f33a4834000 r--s 00006000 ca:02 42726566                   /home/ec2-user/.m2/repository/commons-cli/commons-cli/1.0/commons-cli-1.0.jar
7f33a4834000-7f33a4835000 r--s 00001000 ca:02 4890595                    /home/ec2-user/.m2/repository/org/apache/maven/doxia/doxia-sink-api/1.0-alpha-7/doxia-sink-api-1.0-alpha-7.jar
7f33a4835000-7f33a4836000 r--s 00002000 ca:02 18438679                   /home/ec2-user/.m2/repository/org/apache/maven/reporting/maven-reporting-api/2.0.6/maven-reporting-api-2.0.6.jar
7f33a4836000-7f33a4a36000 rw-p 00000000 00:00 0 
7f33a4a36000-7f33a4a38000 r--s 00006000 ca:02 8918980                    /home/ec2-user/.m2/repository/org/apache/maven/plugins/maven-resources-plugin/2.6/maven-resources-plugin-2.6.jar
7f33a4a38000-7f33a4a4a000 r-xp 00000000 ca:02 25641375                   /usr/lib/jvm/java-1.8.0-openjdk-1.8.0.91-0.b14.el7_2.x86_64/jre/lib/amd64/libnio.so
7f33a4a4a000-7f33a4c49000 ---p 00012000 ca:02 25641375                   /usr/lib/jvm/java-1.8.0-openjdk-1.8.0.91-0.b14.el7_2.x86_64/jre/lib/amd64/libnio.so
7f33a4c49000-7f33a4c4a000 r--p 00011000 ca:02 25641375                   /usr/lib/jvm/java-1.8.0-openjdk-1.8.0.91-0.b14.el7_2.x86_64/jre/lib/amd64/libnio.so
7f33a4c4a000-7f33a4c4b000 rw-p 00012000 ca:02 25641375                   /usr/lib/jvm/java-1.8.0-openjdk-1.8.0.91-0.b14.el7_2.x86_64/jre/lib/amd64/libnio.so
7f33a4c4b000-7f33a4c62000 r-xp 00000000 ca:02 25641374                   /usr/lib/jvm/java-1.8.0-openjdk-1.8.0.91-0.b14.el7_2.x86_64/jre/lib/amd64/libnet.so
7f33a4c62000-7f33a4e61000 ---p 00017000 ca:02 25641374                   /usr/lib/jvm/java-1.8.0-openjdk-1.8.0.91-0.b14.el7_2.x86_64/jre/lib/amd64/libnet.so
7f33a4e61000-7f33a4e62000 r--p 00016000 ca:02 25641374                   /usr/lib/jvm/java-1.8.0-openjdk-1.8.0.91-0.b14.el7_2.x86_64/jre/lib/amd64/libnet.so
7f33a4e62000-7f33a4e63000 rw-p 00017000 ca:02 25641374                   /usr/lib/jvm/java-1.8.0-openjdk-1.8.0.91-0.b14.el7_2.x86_64/jre/lib/amd64/libnet.so
7f33a4e63000-7f33a5063000 rw-p 00000000 00:00 0 
7f33a5063000-7f33a5067000 r--s 000b0000 ca:02 17898682                   /usr/lib/jvm/java-1.8.0-openjdk-1.8.0.91-0.b14.el7_2.x86_64/jre/lib/jsse.jar
7f33a5067000-7f33a5267000 rw-p 00000000 00:00 0 
7f33a5267000-7f33a5467000 rw-p 00000000 00:00 0 
7f33a5467000-7f33a546a000 r--s 0000d000 ca:02 18373192                   /usr/share/apache-maven/lib/plexus-interpolation-1.21.jar
7f33a546a000-7f33a546e000 r--s 00038000 ca:02 18373195                   /usr/share/apache-maven/lib/plexus-utils-3.0.22.jar
7f33a546e000-7f33a5470000 r--s 00000000 ca:02 18373191                   /usr/share/apache-maven/lib/plexus-component-annotations-1.6.jar
7f33a5470000-7f33a5472000 r--s 0000b000 ca:02 18373206                   /usr/share/apache-maven/lib/wagon-provider-api-2.10.jar
7f33a5472000-7f33a5474000 r--s 00002000 ca:02 18373189                   /usr/share/apache-maven/lib/plexus-cipher-1.7.jar
7f33a5474000-7f33a5479000 r--s 00026000 ca:02 17898709                   /usr/share/apache-maven/lib/maven-model-builder-3.3.9.jar
7f33a5479000-7f33a547a000 r--s 00006000 ca:02 18373193                   /usr/share/apache-maven/lib/plexus-sec-dispatcher-1.3.jar
7f33a547a000-7f33a547d000 r--s 00025000 ca:02 17898708                   /usr/share/apache-maven/lib/maven-model-3.3.9.jar
7f33a547d000-7f33a547e000 r--s 00002000 ca:02 18373203                   /usr/share/apache-maven/lib/wagon-http-shared-2.10.jar
7f33a547e000-7f33a54ac000 r--s 001f3000 ca:02 18373202                   /usr/share/apache-maven/lib/wagon-http-2.10-shaded.jar
7f33a54ac000-7f33a54af000 r--s 00013000 ca:02 17898705                   /usr/share/apache-maven/lib/maven-embedder-3.3.9.jar
7f33a54af000-7f33a54bc000 r--s 0008d000 ca:02 18258850                   /usr/share/apache-maven/lib/maven-core-3.3.9.jar
7f33a54bc000-7f33a54c3000 r--s 00040000 ca:02 18258848                   /usr/share/apache-maven/lib/maven-compat-3.3.9.jar
7f33a54c3000-7f33a54c4000 r--s 00002000 ca:02 18373200                   /usr/share/apache-maven/lib/wagon-file-2.10.jar
7f33a54c4000-7f33a54ca000 r--s 0002d000 ca:02 18373187                   /usr/share/apache-maven/lib/org.eclipse.sisu.plexus-0.3.2.jar
7f33a54ca000-7f33a54cb000 r--s 00003000 ca:02 18296397                   /usr/share/apache-maven/lib/maven-builder-support-3.3.9.jar
7f33a54cb000-7f33a54ce000 r--s 0000b000 ca:02 18372799                   /usr/share/apache-maven/lib/maven-artifact-3.3.9.jar
7f33a54ce000-7f33a54cf000 r--s 00002000 ca:02 18373198                   /usr/share/apache-maven/lib/slf4j-simple-1.7.5.jar
7f33a54cf000-7f33a54d7000 r--s 00055000 ca:02 18373185                   /usr/share/apache-maven/lib/org.eclipse.sisu.inject-0.3.2.jar
7f33a54d7000-7f33a54d9000 r--s 0000f000 ca:02 18372797                   /usr/share/apache-maven/lib/maven-aether-provider-3.3.9.jar
7f33a54d9000-7f33a54df000 r--s 00042000 ca:02 18372793                   /usr/share/apache-maven/lib/jsoup-1.7.2.jar
7f33a54df000-7f33a54e8000 r--s 0005f000 ca:02 18372791                   /usr/share/apache-maven/lib/guice-4.0-no_aop.jar
7f33a54e8000-7f33a5513000 r--s 001f5000 ca:02 18372790                   /usr/share/apache-maven/lib/guava-18.0.jar
7f33a5513000-7f33a551a000 r--s 00063000 ca:02 18372788                   /usr/share/apache-maven/lib/commons-lang3-3.4.jar
7f33a551a000-7f33a551c000 r--s 00005000 ca:02 18373196                   /usr/share/apache-maven/lib/slf4j-api-1.7.5.jar
7f33a551c000-7f33a5521000 r--s 00041000 ca:02 18372787                   /usr/share/apache-maven/lib/commons-lang-2.6.jar
7f33a5521000-7f33a5525000 r--s 00027000 ca:02 18372786                   /usr/share/apache-maven/lib/commons-io-2.2.jar
7f33a5525000-7f33a5527000 r--s 00009000 ca:02 18372785                   /usr/share/apache-maven/lib/commons-cli-1.2.jar
7f33a5527000-7f33a552a000 r--s 00008000 ca:02 18372783                   /usr/share/apache-maven/lib/cdi-api-1.0.jar
7f33a552a000-7f33a552b000 ---p 00000000 00:00 0 
7f33a552b000-7f33a562b000 rw-p 00000000 00:00 0                          [stack:19589]
7f33a562b000-7f33a562e000 ---p 00000000 00:00 0 
7f33a562e000-7f33a572c000 rw-p 00000000 00:00 0                          [stack:19588]
7f33a572c000-7f33a572f000 ---p 00000000 00:00 0 
7f33a572f000-7f33a582d000 rw-p 00000000 00:00 0                          [stack:19587]
7f33a582d000-7f33a5830000 ---p 00000000 00:00 0 
7f33a5830000-7f33a592e000 rw-p 00000000 00:00 0                          [stack:19586]
7f33a592e000-7f33a5931000 ---p 00000000 00:00 0 
7f33a5931000-7f33a5a2f000 rw-p 00000000 00:00 0                          [stack:19585]
7f33a5a2f000-7f33a5a32000 ---p 00000000 00:00 0 
7f33a5a32000-7f33a5b30000 rw-p 00000000 00:00 0                          [stack:19584]
7f33a5b30000-7f33a5b33000 ---p 00000000 00:00 0 
7f33a5b33000-7f33a5c31000 rw-p 00000000 00:00 0                          [stack:19583]
7f33a5c31000-7f33a5c32000 ---p 00000000 00:00 0 
7f33a5c32000-7f33a5d7f000 rw-p 00000000 00:00 0                          [stack:19582]
7f33a5d7f000-7f33a5f4d000 r--s 043be000 ca:02 17898691                   /usr/lib/jvm/java-1.8.0-openjdk-1.8.0.91-0.b14.el7_2.x86_64/jre/lib/rt.jar
7f33a5f4d000-7f33a6846000 rw-p 00000000 00:00 0 
7f33a6846000-7f33a6892000 rw-p 00000000 00:00 0 
7f33a6892000-7f33a6c06000 ---p 00000000 00:00 0 
7f33a6c06000-7f33a6c0e000 r-xp 00000000 ca:02 25641381                   /usr/lib/jvm/java-1.8.0-openjdk-1.8.0.91-0.b14.el7_2.x86_64/jre/lib/amd64/libzip.so
7f33a6c0e000-7f33a6e0d000 ---p 00008000 ca:02 25641381                   /usr/lib/jvm/java-1.8.0-openjdk-1.8.0.91-0.b14.el7_2.x86_64/jre/lib/amd64/libzip.so
7f33a6e0d000-7f33a6e0e000 r--p 00007000 ca:02 25641381                   /usr/lib/jvm/java-1.8.0-openjdk-1.8.0.91-0.b14.el7_2.x86_64/jre/lib/amd64/libzip.so
7f33a6e0e000-7f33a6e0f000 rw-p 00008000 ca:02 25641381                   /usr/lib/jvm/java-1.8.0-openjdk-1.8.0.91-0.b14.el7_2.x86_64/jre/lib/amd64/libzip.so
7f33a6e0f000-7f33a6e1a000 r-xp 00000000 ca:02 16820103                   /usr/lib64/libnss_files-2.17.so
7f33a6e1a000-7f33a7019000 ---p 0000b000 ca:02 16820103                   /usr/lib64/libnss_files-2.17.so
7f33a7019000-7f33a701a000 r--p 0000a000 ca:02 16820103                   /usr/lib64/libnss_files-2.17.so
7f33a701a000-7f33a701b000 rw-p 0000b000 ca:02 16820103                   /usr/lib64/libnss_files-2.17.so
7f33a701b000-7f33a7021000 rw-p 00000000 00:00 0 
7f33a7021000-7f33a704e000 r-xp 00000000 ca:02 25641364                   /usr/lib/jvm/java-1.8.0-openjdk-1.8.0.91-0.b14.el7_2.x86_64/jre/lib/amd64/libjava.so
7f33a704e000-7f33a724d000 ---p 0002d000 ca:02 25641364                   /usr/lib/jvm/java-1.8.0-openjdk-1.8.0.91-0.b14.el7_2.x86_64/jre/lib/amd64/libjava.so
7f33a724d000-7f33a724e000 r--p 0002c000 ca:02 25641364                   /usr/lib/jvm/java-1.8.0-openjdk-1.8.0.91-0.b14.el7_2.x86_64/jre/lib/amd64/libjava.so
7f33a724e000-7f33a7250000 rw-p 0002d000 ca:02 25641364                   /usr/lib/jvm/java-1.8.0-openjdk-1.8.0.91-0.b14.el7_2.x86_64/jre/lib/amd64/libjava.so
7f33a7250000-7f33a725d000 r-xp 00000000 ca:02 25641380                   /usr/lib/jvm/java-1.8.0-openjdk-1.8.0.91-0.b14.el7_2.x86_64/jre/lib/amd64/libverify.so
7f33a725d000-7f33a745c000 ---p 0000d000 ca:02 25641380                   /usr/lib/jvm/java-1.8.0-openjdk-1.8.0.91-0.b14.el7_2.x86_64/jre/lib/amd64/libverify.so
7f33a745c000-7f33a745e000 r--p 0000c000 ca:02 25641380                   /usr/lib/jvm/java-1.8.0-openjdk-1.8.0.91-0.b14.el7_2.x86_64/jre/lib/amd64/libverify.so
7f33a745e000-7f33a745f000 rw-p 0000e000 ca:02 25641380                   /usr/lib/jvm/java-1.8.0-openjdk-1.8.0.91-0.b14.el7_2.x86_64/jre/lib/amd64/libverify.so
7f33a745f000-7f33a7466000 r-xp 00000000 ca:02 16820115                   /usr/lib64/librt-2.17.so
7f33a7466000-7f33a7665000 ---p 00007000 ca:02 16820115                   /usr/lib64/librt-2.17.so
7f33a7665000-7f33a7666000 r--p 00006000 ca:02 16820115                   /usr/lib64/librt-2.17.so
7f33a7666000-7f33a7667000 rw-p 00007000 ca:02 16820115                   /usr/lib64/librt-2.17.so
7f33a7667000-7f33a767c000 r-xp 00000000 ca:02 16818313                   /usr/lib64/libgcc_s-4.8.5-20150702.so.1
7f33a767c000-7f33a787b000 ---p 00015000 ca:02 16818313                   /usr/lib64/libgcc_s-4.8.5-20150702.so.1
7f33a787b000-7f33a787c000 r--p 00014000 ca:02 16818313                   /usr/lib64/libgcc_s-4.8.5-20150702.so.1
7f33a787c000-7f33a787d000 rw-p 00015000 ca:02 16818313                   /usr/lib64/libgcc_s-4.8.5-20150702.so.1
7f33a787d000-7f33a797e000 r-xp 00000000 ca:02 16820093                   /usr/lib64/libm-2.17.so
7f33a797e000-7f33a7b7d000 ---p 00101000 ca:02 16820093                   /usr/lib64/libm-2.17.so
7f33a7b7d000-7f33a7b7e000 r--p 00100000 ca:02 16820093                   /usr/lib64/libm-2.17.so
7f33a7b7e000-7f33a7b7f000 rw-p 00101000 ca:02 16820093                   /usr/lib64/libm-2.17.so
7f33a7b7f000-7f33a7c68000 r-xp 00000000 ca:02 16821188                   /usr/lib64/libstdc++.so.6.0.19
7f33a7c68000-7f33a7e68000 ---p 000e9000 ca:02 16821188                   /usr/lib64/libstdc++.so.6.0.19
7f33a7e68000-7f33a7e71000 r--p 000e9000 ca:02 16821188                   /usr/lib64/libstdc++.so.6.0.19
7f33a7e71000-7f33a7e73000 rw-p 000f2000 ca:02 16821188                   /usr/lib64/libstdc++.so.6.0.19
7f33a7e73000-7f33a7e88000 rw-p 00000000 00:00 0 
7f33a7e88000-7f33a8a8e000 r-xp 00000000 ca:02 50483475                   /usr/lib/jvm/java-1.8.0-openjdk-1.8.0.91-0.b14.el7_2.x86_64/jre/lib/amd64/server/libjvm.so
7f33a8a8e000-7f33a8c8d000 ---p 00c06000 ca:02 50483475                   /usr/lib/jvm/java-1.8.0-openjdk-1.8.0.91-0.b14.el7_2.x86_64/jre/lib/amd64/server/libjvm.so
7f33a8c8d000-7f33a8d2c000 r--p 00c05000 ca:02 50483475                   /usr/lib/jvm/java-1.8.0-openjdk-1.8.0.91-0.b14.el7_2.x86_64/jre/lib/amd64/server/libjvm.so
7f33a8d2c000-7f33a8d55000 rw-p 00ca4000 ca:02 50483475                   /usr/lib/jvm/java-1.8.0-openjdk-1.8.0.91-0.b14.el7_2.x86_64/jre/lib/amd64/server/libjvm.so
7f33a8d55000-7f33a8d87000 rw-p 00000000 00:00 0 
7f33a8d87000-7f33a8f3d000 r-xp 00000000 ca:02 16820085                   /usr/lib64/libc-2.17.so
7f33a8f3d000-7f33a913d000 ---p 001b6000 ca:02 16820085                   /usr/lib64/libc-2.17.so
7f33a913d000-7f33a9141000 r--p 001b6000 ca:02 16820085                   /usr/lib64/libc-2.17.so
7f33a9141000-7f33a9143000 rw-p 001ba000 ca:02 16820085                   /usr/lib64/libc-2.17.so
7f33a9143000-7f33a9148000 rw-p 00000000 00:00 0 
7f33a9148000-7f33a914b000 r-xp 00000000 ca:02 16820091                   /usr/lib64/libdl-2.17.so
7f33a914b000-7f33a934a000 ---p 00003000 ca:02 16820091                   /usr/lib64/libdl-2.17.so
7f33a934a000-7f33a934b000 r--p 00002000 ca:02 16820091                   /usr/lib64/libdl-2.17.so
7f33a934b000-7f33a934c000 rw-p 00003000 ca:02 16820091                   /usr/lib64/libdl-2.17.so
7f33a934c000-7f33a935a000 r-xp 00000000 ca:02 8957191                    /usr/lib/jvm/java-1.8.0-openjdk-1.8.0.91-0.b14.el7_2.x86_64/lib/amd64/jli/libjli.so
7f33a935a000-7f33a9559000 ---p 0000e000 ca:02 8957191                    /usr/lib/jvm/java-1.8.0-openjdk-1.8.0.91-0.b14.el7_2.x86_64/lib/amd64/jli/libjli.so
7f33a9559000-7f33a955a000 r--p 0000d000 ca:02 8957191                    /usr/lib/jvm/java-1.8.0-openjdk-1.8.0.91-0.b14.el7_2.x86_64/lib/amd64/jli/libjli.so
7f33a955a000-7f33a955b000 rw-p 0000e000 ca:02 8957191                    /usr/lib/jvm/java-1.8.0-openjdk-1.8.0.91-0.b14.el7_2.x86_64/lib/amd64/jli/libjli.so
7f33a955b000-7f33a9570000 r-xp 00000000 ca:02 16821247                   /usr/lib64/libz.so.1.2.7
7f33a9570000-7f33a976f000 ---p 00015000 ca:02 16821247                   /usr/lib64/libz.so.1.2.7
7f33a976f000-7f33a9770000 r--p 00014000 ca:02 16821247                   /usr/lib64/libz.so.1.2.7
7f33a9770000-7f33a9771000 rw-p 00015000 ca:02 16821247                   /usr/lib64/libz.so.1.2.7
7f33a9771000-7f33a9787000 r-xp 00000000 ca:02 16820111                   /usr/lib64/libpthread-2.17.so
7f33a9787000-7f33a9987000 ---p 00016000 ca:02 16820111                   /usr/lib64/libpthread-2.17.so
7f33a9987000-7f33a9988000 r--p 00016000 ca:02 16820111                   /usr/lib64/libpthread-2.17.so
7f33a9988000-7f33a9989000 rw-p 00017000 ca:02 16820111                   /usr/lib64/libpthread-2.17.so
7f33a9989000-7f33a998d000 rw-p 00000000 00:00 0 
7f33a998d000-7f33a99ae000 r-xp 00000000 ca:02 16820078                   /usr/lib64/ld-2.17.so
7f33a99ae000-7f33a99af000 r--s 00001000 ca:02 18372795                   /usr/share/apache-maven/lib/jsr250-api-1.0.jar
7f33a99af000-7f33a99b1000 r--s 00000000 ca:02 18372782                   /usr/share/apache-maven/lib/aopalliance-1.0.jar
7f33a99b1000-7f33a99b5000 r--s 00020000 ca:02 18372780                   /usr/share/apache-maven/lib/aether-util-1.0.2.v20150114.jar
7f33a99b5000-7f33a99b7000 r--s 00009000 ca:02 17898716                   /usr/share/apache-maven/lib/maven-settings-3.3.9.jar
7f33a99b7000-7f33a99b9000 r--s 00005000 ca:02 18372778                   /usr/share/apache-maven/lib/aether-transport-wagon-1.0.2.v20150114.jar
7f33a99b9000-7f33a99bb000 r--s 0000a000 ca:02 17898712                   /usr/share/apache-maven/lib/maven-plugin-api-3.3.9.jar
7f33a99bb000-7f33a99bd000 r--s 00006000 ca:02 18372776                   /usr/share/apache-maven/lib/aether-spi-1.0.2.v20150114.jar
7f33a99bd000-7f33a99bf000 r--s 00009000 ca:02 17898717                   /usr/share/apache-maven/lib/maven-settings-builder-3.3.9.jar
7f33a99bf000-7f33a99c3000 r--s 00027000 ca:02 18372774                   /usr/share/apache-maven/lib/aether-impl-1.0.2.v20150114.jar
7f33a99c3000-7f33a99c8000 r--s 0001d000 ca:02 18372770                   /usr/share/apache-maven/lib/aether-api-1.0.2.v20150114.jar
7f33a99c8000-7f33a99ef000 rw-p 00000000 00:00 0 
7f33a99ef000-7f33a9a1b000 ---p 00000000 00:00 0 
7f33a9a1b000-7f33a9a2f000 rw-p 00000000 00:00 0 
7f33a9a2f000-7f33a9a44000 ---p 00000000 00:00 0 
7f33a9a44000-7f33a9a6c000 rw-p 00000000 00:00 0 
7f33a9a6c000-7f33a9a97000 ---p 00000000 00:00 0 
7f33a9a97000-7f33a9a98000 rw-p 00000000 00:00 0 
7f33a9a98000-7f33a9aa0000 rw-s 00000000 ca:02 18262178                   /tmp/hsperfdata_ec2-user/19571
7f33a9aa0000-7f33a9aa3000 ---p 00000000 00:00 0 
7f33a9aa3000-7f33a9ba6000 rw-p 00000000 00:00 0                          [stack:19581]
7f33a9ba6000-7f33a9ba7000 r--s 00000000 ca:02 18372792                   /usr/share/apache-maven/lib/javax.inject-1.jar
7f33a9ba7000-7f33a9ba8000 r--s 00006000 ca:02 17898714                   /usr/share/apache-maven/lib/maven-repository-metadata-3.3.9.jar
7f33a9ba8000-7f33a9ba9000 r--s 00008000 ca:02 18372772                   /usr/share/apache-maven/lib/aether-connector-basic-1.0.2.v20150114.jar
7f33a9ba9000-7f33a9bab000 r--s 0000b000 ca:02 9192479                    /usr/share/apache-maven/boot/plexus-classworlds-2.5.2.jar
7f33a9bab000-7f33a9bac000 rw-p 00000000 00:00 0 
7f33a9bac000-7f33a9bad000 ---p 00000000 00:00 0 
7f33a9bad000-7f33a9bae000 rw-p 00000000 00:00 0 
7f33a9bae000-7f33a9baf000 r--p 00021000 ca:02 16820078                   /usr/lib64/ld-2.17.so
7f33a9baf000-7f33a9bb0000 rw-p 00022000 ca:02 16820078                   /usr/lib64/ld-2.17.so
7f33a9bb0000-7f33a9bb1000 rw-p 00000000 00:00 0 
7fff4d658000-7fff4d679000 rw-p 00000000 00:00 0                          [stack]
7fff4d6bb000-7fff4d6bd000 r-xp 00000000 00:00 0                          [vdso]
ffffffffff600000-ffffffffff601000 r-xp 00000000 00:00 0                  [vsyscall]

VM Arguments:
jvm_args: -Dclassworlds.conf=/usr/share/apache-maven/bin/m2.conf -Dmaven.home=/usr/share/apache-maven -Dmaven.multiModuleProjectDirectory=/home/ec2-user/diploma/storm-clustering 
java_command: org.codehaus.plexus.classworlds.launcher.Launcher package
java_class_path (initial): /usr/share/apache-maven/boot/plexus-classworlds-2.5.2.jar
Launcher Type: SUN_STANDARD

Environment Variables:
JAVA_HOME=/usr/lib/jvm/java-1.8.0-openjdk-1.8.0.91-0.b14.el7_2.x86_64
PATH=/usr/local/bin:/usr/bin:/usr/local/sbin:/usr/sbin:/home/ec2-user/.local/bin:/home/ec2-user/bin:/usr/lib/jvm/java-1.8.0-openjdk-1.8.0.91-0.b14.el7_2.x86_64/bin
SHELL=/bin/bash

Signal Handlers:
SIGSEGV: [libjvm.so+0xa0b060], sa_mask[0]=11111111011111111101111111111110, sa_flags=SA_RESTART|SA_SIGINFO
SIGBUS: [libjvm.so+0xa0b060], sa_mask[0]=11111111011111111101111111111110, sa_flags=SA_RESTART|SA_SIGINFO
SIGFPE: [libjvm.so+0x868dc0], sa_mask[0]=11111111011111111101111111111110, sa_flags=SA_RESTART|SA_SIGINFO
SIGPIPE: [libjvm.so+0x868dc0], sa_mask[0]=11111111011111111101111111111110, sa_flags=SA_RESTART|SA_SIGINFO
SIGXFSZ: [libjvm.so+0x868dc0], sa_mask[0]=11111111011111111101111111111110, sa_flags=SA_RESTART|SA_SIGINFO
SIGILL: [libjvm.so+0x868dc0], sa_mask[0]=11111111011111111101111111111110, sa_flags=SA_RESTART|SA_SIGINFO
SIGUSR1: SIG_DFL, sa_mask[0]=00000000000000000000000000000000, sa_flags=none
SIGUSR2: [libjvm.so+0x868c70], sa_mask[0]=00000000000000000000000000000000, sa_flags=SA_RESTART|SA_SIGINFO
SIGHUP: [libjvm.so+0x868e80], sa_mask[0]=11111111011111111101111111111110, sa_flags=SA_RESTART|SA_SIGINFO
SIGINT: [libjvm.so+0x868e80], sa_mask[0]=11111111011111111101111111111110, sa_flags=SA_RESTART|SA_SIGINFO
SIGTERM: [libjvm.so+0x868e80], sa_mask[0]=11111111011111111101111111111110, sa_flags=SA_RESTART|SA_SIGINFO
SIGQUIT: [libjvm.so+0x868e80], sa_mask[0]=11111111011111111101111111111110, sa_flags=SA_RESTART|SA_SIGINFO


---------------  S Y S T E M  ---------------

OS:Red Hat Enterprise Linux Server release 7.2 (Maipo)

uname:Linux 3.10.0-327.el7.x86_64 #1 SMP Thu Oct 29 17:29:29 EDT 2015 x86_64
libc:glibc 2.17 NPTL 2.17 
rlimit: STACK 8192k, CORE 0k, NPROC 3824, NOFILE 4096, AS infinity
load average:2.36 1.00 0.48

/proc/meminfo:
MemTotal:        1015472 kB
MemFree:           57000 kB
MemAvailable:      16380 kB
Buffers:               0 kB
Cached:            27964 kB
SwapCached:            0 kB
Active:           863952 kB
Inactive:          26992 kB
Active(anon):     863112 kB
Inactive(anon):    12824 kB
Active(file):        840 kB
Inactive(file):    14168 kB
Unevictable:           0 kB
Mlocked:               0 kB
SwapTotal:             0 kB
SwapFree:              0 kB
Dirty:                28 kB
Writeback:             0 kB
AnonPages:        862992 kB
Mapped:             3572 kB
Shmem:             12944 kB
Slab:              41440 kB
SReclaimable:      16376 kB
SUnreclaim:        25064 kB
KernelStack:        4624 kB
PageTables:         6288 kB
NFS_Unstable:          0 kB
Bounce:                0 kB
WritebackTmp:          0 kB
CommitLimit:      507736 kB
Committed_AS:    1170644 kB
VmallocTotal:   34359738367 kB
VmallocUsed:       10180 kB
VmallocChunk:   34359722748 kB
HardwareCorrupted:     0 kB
AnonHugePages:    403456 kB
HugePages_Total:       0
HugePages_Free:        0
HugePages_Rsvd:        0
HugePages_Surp:        0
Hugepagesize:       2048 kB
DirectMap4k:       51200 kB
DirectMap2M:      997376 kB


CPU:total 1 (1 cores per cpu, 1 threads per core) family 6 model 63 stepping 2, cmov, cx8, fxsr, mmx, sse, sse2, sse3, ssse3, sse4.1, sse4.2, popcnt, avx, avx2, aes, clmul, erms, lzcnt, tsc, bmi1, bmi2

/proc/cpuinfo:
processor	: 0
vendor_id	: GenuineIntel
cpu family	: 6
model		: 63
model name	: Intel(R) Xeon(R) CPU E5-2676 v3 @ 2.40GHz
stepping	: 2
microcode	: 0x25
cpu MHz		: 2400.086
cache size	: 30720 KB
physical id	: 0
siblings	: 1
core id		: 0
cpu cores	: 1
apicid		: 0
initial apicid	: 0
fpu		: yes
fpu_exception	: yes
cpuid level	: 13
wp		: yes
flags		: fpu vme de pse tsc msr pae mce cx8 apic sep mtrr pge mca cmov pat pse36 clflush mmx fxsr sse sse2 ht syscall nx rdtscp lm constant_tsc rep_good nopl xtopology eagerfpu pni pclmulqdq ssse3 fma cx16 pcid sse4_1 sse4_2 x2apic movbe popcnt tsc_deadline_timer aes xsave avx f16c rdrand hypervisor lahf_lm abm fsgsbase bmi1 avx2 smep bmi2 erms invpcid xsaveopt
bogomips	: 4800.17
clflush size	: 64
cache_alignment	: 64
address sizes	: 46 bits physical, 48 bits virtual
power management:



Memory: 4k page, physical 1015472k(57000k free), swap 0k(0k free)

vm_info: OpenJDK 64-Bit Server VM (25.91-b14) for linux-amd64 JRE (1.8.0_91-b14), built on Apr 12 2016 16:23:31 by "mockbuild" with gcc 4.8.5 20150623 (Red Hat 4.8.5-4)

time: Thu Apr 27 19:40:53 2017
elapsed time: 67 seconds (0d 0h 1m 7s)

